Determining if the pthread_create exist failed with the following output:
Change Dir: /home/torre/Desktop/monero-latest/monero/build/release/CMakeFiles/CMakeTmp

Run Build Command:"/usr/bin/make" "cmTC_2b4e0/fast"
make[1]: Entering directory '/home/torre/Desktop/monero-latest/monero/build/release/CMakeFiles/CMakeTmp'
/usr/bin/make -f CMakeFiles/cmTC_2b4e0.dir/build.make CMakeFiles/cmTC_2b4e0.dir/build
make[2]: Entering directory '/home/torre/Desktop/monero-latest/monero/build/release/CMakeFiles/CMakeTmp'
Building C object CMakeFiles/cmTC_2b4e0.dir/CheckSymbolExists.c.o
/usr/bin/cc     -o CMakeFiles/cmTC_2b4e0.dir/CheckSymbolExists.c.o   -c /home/torre/Desktop/monero-latest/monero/build/release/CMakeFiles/CMakeTmp/CheckSymbolExists.c
Linking C executable cmTC_2b4e0
/usr/bin/cmake -E cmake_link_script CMakeFiles/cmTC_2b4e0.dir/link.txt --verbose=1
/usr/bin/cc       CMakeFiles/cmTC_2b4e0.dir/CheckSymbolExists.c.o  -o cmTC_2b4e0 -rdynamic 
CMakeFiles/cmTC_2b4e0.dir/CheckSymbolExists.c.o: In function `main':
CheckSymbolExists.c:(.text+0x16): undefined reference to `pthread_create'
collect2: error: ld returned 1 exit status
CMakeFiles/cmTC_2b4e0.dir/build.make:97: recipe for target 'cmTC_2b4e0' failed
make[2]: *** [cmTC_2b4e0] Error 1
make[2]: Leaving directory '/home/torre/Desktop/monero-latest/monero/build/release/CMakeFiles/CMakeTmp'
Makefile:126: recipe for target 'cmTC_2b4e0/fast' failed
make[1]: *** [cmTC_2b4e0/fast] Error 2
make[1]: Leaving directory '/home/torre/Desktop/monero-latest/monero/build/release/CMakeFiles/CMakeTmp'

File /home/torre/Desktop/monero-latest/monero/build/release/CMakeFiles/CMakeTmp/CheckSymbolExists.c:
/* */
#include <pthread.h>

int main(int argc, char** argv)
{
  (void)argv;
#ifndef pthread_create
  return ((int*)(&pthread_create))[argc];
#else
  (void)argc;
  return 0;
#endif
}

Determining if the function memset_s exists in the c failed with the following output:
Change Dir: /home/torre/Desktop/monero-latest/monero/build/release/CMakeFiles/CMakeTmp

Run Build Command:"/usr/bin/make" "cmTC_310d9/fast"
make[1]: Entering directory '/home/torre/Desktop/monero-latest/monero/build/release/CMakeFiles/CMakeTmp'
/usr/bin/make -f CMakeFiles/cmTC_310d9.dir/build.make CMakeFiles/cmTC_310d9.dir/build
make[2]: Entering directory '/home/torre/Desktop/monero-latest/monero/build/release/CMakeFiles/CMakeTmp'
Building C object CMakeFiles/cmTC_310d9.dir/CheckFunctionExists.c.o
/usr/bin/cc    -DCHECK_FUNCTION_EXISTS=memset_s   -o CMakeFiles/cmTC_310d9.dir/CheckFunctionExists.c.o   -c /usr/share/cmake-3.5/Modules/CheckFunctionExists.c
Linking C executable cmTC_310d9
/usr/bin/cmake -E cmake_link_script CMakeFiles/cmTC_310d9.dir/link.txt --verbose=1
/usr/bin/cc   -DCHECK_FUNCTION_EXISTS=memset_s    CMakeFiles/cmTC_310d9.dir/CheckFunctionExists.c.o  -o cmTC_310d9  -L/home/torre/Desktop/monero-latest/monero/build/release/CMakeFiles/CMakeTmp/string.h -rdynamic -lc -Wl,-rpath,/home/torre/Desktop/monero-latest/monero/build/release/CMakeFiles/CMakeTmp/string.h 
CMakeFiles/cmTC_310d9.dir/CheckFunctionExists.c.o: In function `main':
CheckFunctionExists.c:(.text+0x15): undefined reference to `memset_s'
collect2: error: ld returned 1 exit status
CMakeFiles/cmTC_310d9.dir/build.make:97: recipe for target 'cmTC_310d9' failed
make[2]: *** [cmTC_310d9] Error 1
make[2]: Leaving directory '/home/torre/Desktop/monero-latest/monero/build/release/CMakeFiles/CMakeTmp'
Makefile:126: recipe for target 'cmTC_310d9/fast' failed
make[1]: *** [cmTC_310d9/fast] Error 2
make[1]: Leaving directory '/home/torre/Desktop/monero-latest/monero/build/release/CMakeFiles/CMakeTmp'


Determining if the function explicit_bzero exists in the c failed with the following output:
Change Dir: /home/torre/Desktop/monero-latest/monero/build/release/CMakeFiles/CMakeTmp

Run Build Command:"/usr/bin/make" "cmTC_4a6af/fast"
make[1]: Entering directory '/home/torre/Desktop/monero-latest/monero/build/release/CMakeFiles/CMakeTmp'
/usr/bin/make -f CMakeFiles/cmTC_4a6af.dir/build.make CMakeFiles/cmTC_4a6af.dir/build
make[2]: Entering directory '/home/torre/Desktop/monero-latest/monero/build/release/CMakeFiles/CMakeTmp'
Building C object CMakeFiles/cmTC_4a6af.dir/CheckFunctionExists.c.o
/usr/bin/cc    -DCHECK_FUNCTION_EXISTS=explicit_bzero   -o CMakeFiles/cmTC_4a6af.dir/CheckFunctionExists.c.o   -c /usr/share/cmake-3.5/Modules/CheckFunctionExists.c
Linking C executable cmTC_4a6af
/usr/bin/cmake -E cmake_link_script CMakeFiles/cmTC_4a6af.dir/link.txt --verbose=1
/usr/bin/cc   -DCHECK_FUNCTION_EXISTS=explicit_bzero    CMakeFiles/cmTC_4a6af.dir/CheckFunctionExists.c.o  -o cmTC_4a6af  -L/home/torre/Desktop/monero-latest/monero/build/release/CMakeFiles/CMakeTmp/strings.h -rdynamic -lc -Wl,-rpath,/home/torre/Desktop/monero-latest/monero/build/release/CMakeFiles/CMakeTmp/strings.h 
CMakeFiles/cmTC_4a6af.dir/CheckFunctionExists.c.o: In function `main':
CheckFunctionExists.c:(.text+0x15): undefined reference to `explicit_bzero'
collect2: error: ld returned 1 exit status
CMakeFiles/cmTC_4a6af.dir/build.make:97: recipe for target 'cmTC_4a6af' failed
make[2]: *** [cmTC_4a6af] Error 1
make[2]: Leaving directory '/home/torre/Desktop/monero-latest/monero/build/release/CMakeFiles/CMakeTmp'
Makefile:126: recipe for target 'cmTC_4a6af/fast' failed
make[1]: *** [cmTC_4a6af/fast] Error 2
make[1]: Leaving directory '/home/torre/Desktop/monero-latest/monero/build/release/CMakeFiles/CMakeTmp'


Determining if the -Wl,-z,noexecheap linker flag is suppored failed with the following output:
Change Dir: /home/torre/Desktop/monero-latest/monero/build/release/CMakeFiles/CMakeTmp

Run Build Command:"/usr/bin/make" "cmTC_532f7/fast"
make[1]: Entering directory '/home/torre/Desktop/monero-latest/monero/build/release/CMakeFiles/CMakeTmp'
/usr/bin/make -f CMakeFiles/cmTC_532f7.dir/build.make CMakeFiles/cmTC_532f7.dir/build
make[2]: Entering directory '/home/torre/Desktop/monero-latest/monero/build/release/CMakeFiles/CMakeTmp'
Building C object CMakeFiles/cmTC_532f7.dir/CheckLinkerFlag.c.o
/usr/bin/cc    -Wl,-z,noexecheap    -Wl,-z,noexecheap -o CMakeFiles/cmTC_532f7.dir/CheckLinkerFlag.c.o   -c /home/torre/Desktop/monero-latest/monero/cmake/CheckLinkerFlag.c
Linking C executable cmTC_532f7
/usr/bin/cmake -E cmake_link_script CMakeFiles/cmTC_532f7.dir/link.txt --verbose=1
/usr/bin/cc  -Wl,-z,noexecheap     CMakeFiles/cmTC_532f7.dir/CheckLinkerFlag.c.o  -o cmTC_532f7 -rdynamic 
/usr/bin/ld: warning: -z noexecheap ignored.
make[2]: Leaving directory '/home/torre/Desktop/monero-latest/monero/build/release/CMakeFiles/CMakeTmp'
make[1]: Leaving directory '/home/torre/Desktop/monero-latest/monero/build/release/CMakeFiles/CMakeTmp'


