The system is: Linux - 4.13.0-36-generic - x86_64
Compiling the C compiler identification source file "CMakeCCompilerId.c" succeeded.
Compiler: /usr/bin/cc 
Build flags: 
Id flags: 

The output was:
0


Compilation of the C compiler identification source "CMakeCCompilerId.c" produced "a.out"

The C compiler identification is GNU, found in "/home/torre/Desktop/monero-latest/monero/build/release/CMakeFiles/3.5.1/CompilerIdC/a.out"

Compiling the CXX compiler identification source file "CMakeCXXCompilerId.cpp" succeeded.
Compiler: /usr/bin/c++ 
Build flags: 
Id flags: 

The output was:
0


Compilation of the CXX compiler identification source "CMakeCXXCompilerId.cpp" produced "a.out"

The CXX compiler identification is GNU, found in "/home/torre/Desktop/monero-latest/monero/build/release/CMakeFiles/3.5.1/CompilerIdCXX/a.out"

Determining if the C compiler works passed with the following output:
Change Dir: /home/torre/Desktop/monero-latest/monero/build/release/CMakeFiles/CMakeTmp

Run Build Command:"/usr/bin/make" "cmTC_9a451/fast"
make[1]: Entering directory '/home/torre/Desktop/monero-latest/monero/build/release/CMakeFiles/CMakeTmp'
/usr/bin/make -f CMakeFiles/cmTC_9a451.dir/build.make CMakeFiles/cmTC_9a451.dir/build
make[2]: Entering directory '/home/torre/Desktop/monero-latest/monero/build/release/CMakeFiles/CMakeTmp'
Building C object CMakeFiles/cmTC_9a451.dir/testCCompiler.c.o
/usr/bin/cc     -o CMakeFiles/cmTC_9a451.dir/testCCompiler.c.o   -c /home/torre/Desktop/monero-latest/monero/build/release/CMakeFiles/CMakeTmp/testCCompiler.c
Linking C executable cmTC_9a451
/usr/bin/cmake -E cmake_link_script CMakeFiles/cmTC_9a451.dir/link.txt --verbose=1
/usr/bin/cc       CMakeFiles/cmTC_9a451.dir/testCCompiler.c.o  -o cmTC_9a451 -rdynamic 
make[2]: Leaving directory '/home/torre/Desktop/monero-latest/monero/build/release/CMakeFiles/CMakeTmp'
make[1]: Leaving directory '/home/torre/Desktop/monero-latest/monero/build/release/CMakeFiles/CMakeTmp'


Detecting C compiler ABI info compiled with the following output:
Change Dir: /home/torre/Desktop/monero-latest/monero/build/release/CMakeFiles/CMakeTmp

Run Build Command:"/usr/bin/make" "cmTC_b5d1c/fast"
make[1]: Entering directory '/home/torre/Desktop/monero-latest/monero/build/release/CMakeFiles/CMakeTmp'
/usr/bin/make -f CMakeFiles/cmTC_b5d1c.dir/build.make CMakeFiles/cmTC_b5d1c.dir/build
make[2]: Entering directory '/home/torre/Desktop/monero-latest/monero/build/release/CMakeFiles/CMakeTmp'
Building C object CMakeFiles/cmTC_b5d1c.dir/CMakeCCompilerABI.c.o
/usr/bin/cc     -o CMakeFiles/cmTC_b5d1c.dir/CMakeCCompilerABI.c.o   -c /usr/share/cmake-3.5/Modules/CMakeCCompilerABI.c
Linking C executable cmTC_b5d1c
/usr/bin/cmake -E cmake_link_script CMakeFiles/cmTC_b5d1c.dir/link.txt --verbose=1
/usr/bin/cc      -v CMakeFiles/cmTC_b5d1c.dir/CMakeCCompilerABI.c.o  -o cmTC_b5d1c -rdynamic  
Using built-in specs.
COLLECT_GCC=/usr/bin/cc
COLLECT_LTO_WRAPPER=/usr/lib/gcc/x86_64-linux-gnu/5/lto-wrapper
Target: x86_64-linux-gnu
Configured with: ../src/configure -v --with-pkgversion='Ubuntu 5.4.0-6ubuntu1~16.04.10' --with-bugurl=file:///usr/share/doc/gcc-5/README.Bugs --enable-languages=c,ada,c++,java,go,d,fortran,objc,obj-c++ --prefix=/usr --program-suffix=-5 --enable-shared --enable-linker-build-id --libexecdir=/usr/lib --without-included-gettext --enable-threads=posix --libdir=/usr/lib --enable-nls --with-sysroot=/ --enable-clocale=gnu --enable-libstdcxx-debug --enable-libstdcxx-time=yes --with-default-libstdcxx-abi=new --enable-gnu-unique-object --disable-vtable-verify --enable-libmpx --enable-plugin --with-system-zlib --disable-browser-plugin --enable-java-awt=gtk --enable-gtk-cairo --with-java-home=/usr/lib/jvm/java-1.5.0-gcj-5-amd64/jre --enable-java-home --with-jvm-root-dir=/usr/lib/jvm/java-1.5.0-gcj-5-amd64 --with-jvm-jar-dir=/usr/lib/jvm-exports/java-1.5.0-gcj-5-amd64 --with-arch-directory=amd64 --with-ecj-jar=/usr/share/java/eclipse-ecj.jar --enable-objc-gc --enable-multiarch --disable-werror --with-arch-32=i686 --with-abi=m64 --with-multilib-list=m32,m64,mx32 --enable-multilib --with-tune=generic --enable-checking=release --build=x86_64-linux-gnu --host=x86_64-linux-gnu --target=x86_64-linux-gnu
Thread model: posix
gcc version 5.4.0 20160609 (Ubuntu 5.4.0-6ubuntu1~16.04.10) 
COMPILER_PATH=/usr/lib/gcc/x86_64-linux-gnu/5/:/usr/lib/gcc/x86_64-linux-gnu/5/:/usr/lib/gcc/x86_64-linux-gnu/:/usr/lib/gcc/x86_64-linux-gnu/5/:/usr/lib/gcc/x86_64-linux-gnu/
LIBRARY_PATH=/usr/lib/gcc/x86_64-linux-gnu/5/:/usr/lib/gcc/x86_64-linux-gnu/5/../../../x86_64-linux-gnu/:/usr/lib/gcc/x86_64-linux-gnu/5/../../../../lib/:/lib/x86_64-linux-gnu/:/lib/../lib/:/usr/lib/x86_64-linux-gnu/:/usr/lib/../lib/:/usr/lib/gcc/x86_64-linux-gnu/5/../../../:/lib/:/usr/lib/
COLLECT_GCC_OPTIONS='-v' '-o' 'cmTC_b5d1c' '-rdynamic' '-mtune=generic' '-march=x86-64'
 /usr/lib/gcc/x86_64-linux-gnu/5/collect2 -plugin /usr/lib/gcc/x86_64-linux-gnu/5/liblto_plugin.so -plugin-opt=/usr/lib/gcc/x86_64-linux-gnu/5/lto-wrapper -plugin-opt=-fresolution=/tmp/ccmGgVBm.res -plugin-opt=-pass-through=-lgcc -plugin-opt=-pass-through=-lgcc_s -plugin-opt=-pass-through=-lc -plugin-opt=-pass-through=-lgcc -plugin-opt=-pass-through=-lgcc_s --sysroot=/ --build-id --eh-frame-hdr -m elf_x86_64 --hash-style=gnu --as-needed -export-dynamic -dynamic-linker /lib64/ld-linux-x86-64.so.2 -z relro -o cmTC_b5d1c /usr/lib/gcc/x86_64-linux-gnu/5/../../../x86_64-linux-gnu/crt1.o /usr/lib/gcc/x86_64-linux-gnu/5/../../../x86_64-linux-gnu/crti.o /usr/lib/gcc/x86_64-linux-gnu/5/crtbegin.o -L/usr/lib/gcc/x86_64-linux-gnu/5 -L/usr/lib/gcc/x86_64-linux-gnu/5/../../../x86_64-linux-gnu -L/usr/lib/gcc/x86_64-linux-gnu/5/../../../../lib -L/lib/x86_64-linux-gnu -L/lib/../lib -L/usr/lib/x86_64-linux-gnu -L/usr/lib/../lib -L/usr/lib/gcc/x86_64-linux-gnu/5/../../.. CMakeFiles/cmTC_b5d1c.dir/CMakeCCompilerABI.c.o -lgcc --as-needed -lgcc_s --no-as-needed -lc -lgcc --as-needed -lgcc_s --no-as-needed /usr/lib/gcc/x86_64-linux-gnu/5/crtend.o /usr/lib/gcc/x86_64-linux-gnu/5/../../../x86_64-linux-gnu/crtn.o
make[2]: Leaving directory '/home/torre/Desktop/monero-latest/monero/build/release/CMakeFiles/CMakeTmp'
make[1]: Leaving directory '/home/torre/Desktop/monero-latest/monero/build/release/CMakeFiles/CMakeTmp'


Parsed C implicit link information from above output:
  link line regex: [^( *|.*[/\])(ld|([^/\]+-)?ld|collect2)[^/\]*( |$)]
  ignore line: [Change Dir: /home/torre/Desktop/monero-latest/monero/build/release/CMakeFiles/CMakeTmp]
  ignore line: []
  ignore line: [Run Build Command:"/usr/bin/make" "cmTC_b5d1c/fast"]
  ignore line: [make[1]: Entering directory '/home/torre/Desktop/monero-latest/monero/build/release/CMakeFiles/CMakeTmp']
  ignore line: [/usr/bin/make -f CMakeFiles/cmTC_b5d1c.dir/build.make CMakeFiles/cmTC_b5d1c.dir/build]
  ignore line: [make[2]: Entering directory '/home/torre/Desktop/monero-latest/monero/build/release/CMakeFiles/CMakeTmp']
  ignore line: [Building C object CMakeFiles/cmTC_b5d1c.dir/CMakeCCompilerABI.c.o]
  ignore line: [/usr/bin/cc     -o CMakeFiles/cmTC_b5d1c.dir/CMakeCCompilerABI.c.o   -c /usr/share/cmake-3.5/Modules/CMakeCCompilerABI.c]
  ignore line: [Linking C executable cmTC_b5d1c]
  ignore line: [/usr/bin/cmake -E cmake_link_script CMakeFiles/cmTC_b5d1c.dir/link.txt --verbose=1]
  ignore line: [/usr/bin/cc      -v CMakeFiles/cmTC_b5d1c.dir/CMakeCCompilerABI.c.o  -o cmTC_b5d1c -rdynamic  ]
  ignore line: [Using built-in specs.]
  ignore line: [COLLECT_GCC=/usr/bin/cc]
  ignore line: [COLLECT_LTO_WRAPPER=/usr/lib/gcc/x86_64-linux-gnu/5/lto-wrapper]
  ignore line: [Target: x86_64-linux-gnu]
  ignore line: [Configured with: ../src/configure -v --with-pkgversion='Ubuntu 5.4.0-6ubuntu1~16.04.10' --with-bugurl=file:///usr/share/doc/gcc-5/README.Bugs --enable-languages=c,ada,c++,java,go,d,fortran,objc,obj-c++ --prefix=/usr --program-suffix=-5 --enable-shared --enable-linker-build-id --libexecdir=/usr/lib --without-included-gettext --enable-threads=posix --libdir=/usr/lib --enable-nls --with-sysroot=/ --enable-clocale=gnu --enable-libstdcxx-debug --enable-libstdcxx-time=yes --with-default-libstdcxx-abi=new --enable-gnu-unique-object --disable-vtable-verify --enable-libmpx --enable-plugin --with-system-zlib --disable-browser-plugin --enable-java-awt=gtk --enable-gtk-cairo --with-java-home=/usr/lib/jvm/java-1.5.0-gcj-5-amd64/jre --enable-java-home --with-jvm-root-dir=/usr/lib/jvm/java-1.5.0-gcj-5-amd64 --with-jvm-jar-dir=/usr/lib/jvm-exports/java-1.5.0-gcj-5-amd64 --with-arch-directory=amd64 --with-ecj-jar=/usr/share/java/eclipse-ecj.jar --enable-objc-gc --enable-multiarch --disable-werror --with-arch-32=i686 --with-abi=m64 --with-multilib-list=m32,m64,mx32 --enable-multilib --with-tune=generic --enable-checking=release --build=x86_64-linux-gnu --host=x86_64-linux-gnu --target=x86_64-linux-gnu]
  ignore line: [Thread model: posix]
  ignore line: [gcc version 5.4.0 20160609 (Ubuntu 5.4.0-6ubuntu1~16.04.10) ]
  ignore line: [COMPILER_PATH=/usr/lib/gcc/x86_64-linux-gnu/5/:/usr/lib/gcc/x86_64-linux-gnu/5/:/usr/lib/gcc/x86_64-linux-gnu/:/usr/lib/gcc/x86_64-linux-gnu/5/:/usr/lib/gcc/x86_64-linux-gnu/]
  ignore line: [LIBRARY_PATH=/usr/lib/gcc/x86_64-linux-gnu/5/:/usr/lib/gcc/x86_64-linux-gnu/5/../../../x86_64-linux-gnu/:/usr/lib/gcc/x86_64-linux-gnu/5/../../../../lib/:/lib/x86_64-linux-gnu/:/lib/../lib/:/usr/lib/x86_64-linux-gnu/:/usr/lib/../lib/:/usr/lib/gcc/x86_64-linux-gnu/5/../../../:/lib/:/usr/lib/]
  ignore line: [COLLECT_GCC_OPTIONS='-v' '-o' 'cmTC_b5d1c' '-rdynamic' '-mtune=generic' '-march=x86-64']
  link line: [ /usr/lib/gcc/x86_64-linux-gnu/5/collect2 -plugin /usr/lib/gcc/x86_64-linux-gnu/5/liblto_plugin.so -plugin-opt=/usr/lib/gcc/x86_64-linux-gnu/5/lto-wrapper -plugin-opt=-fresolution=/tmp/ccmGgVBm.res -plugin-opt=-pass-through=-lgcc -plugin-opt=-pass-through=-lgcc_s -plugin-opt=-pass-through=-lc -plugin-opt=-pass-through=-lgcc -plugin-opt=-pass-through=-lgcc_s --sysroot=/ --build-id --eh-frame-hdr -m elf_x86_64 --hash-style=gnu --as-needed -export-dynamic -dynamic-linker /lib64/ld-linux-x86-64.so.2 -z relro -o cmTC_b5d1c /usr/lib/gcc/x86_64-linux-gnu/5/../../../x86_64-linux-gnu/crt1.o /usr/lib/gcc/x86_64-linux-gnu/5/../../../x86_64-linux-gnu/crti.o /usr/lib/gcc/x86_64-linux-gnu/5/crtbegin.o -L/usr/lib/gcc/x86_64-linux-gnu/5 -L/usr/lib/gcc/x86_64-linux-gnu/5/../../../x86_64-linux-gnu -L/usr/lib/gcc/x86_64-linux-gnu/5/../../../../lib -L/lib/x86_64-linux-gnu -L/lib/../lib -L/usr/lib/x86_64-linux-gnu -L/usr/lib/../lib -L/usr/lib/gcc/x86_64-linux-gnu/5/../../.. CMakeFiles/cmTC_b5d1c.dir/CMakeCCompilerABI.c.o -lgcc --as-needed -lgcc_s --no-as-needed -lc -lgcc --as-needed -lgcc_s --no-as-needed /usr/lib/gcc/x86_64-linux-gnu/5/crtend.o /usr/lib/gcc/x86_64-linux-gnu/5/../../../x86_64-linux-gnu/crtn.o]
    arg [/usr/lib/gcc/x86_64-linux-gnu/5/collect2] ==> ignore
    arg [-plugin] ==> ignore
    arg [/usr/lib/gcc/x86_64-linux-gnu/5/liblto_plugin.so] ==> ignore
    arg [-plugin-opt=/usr/lib/gcc/x86_64-linux-gnu/5/lto-wrapper] ==> ignore
    arg [-plugin-opt=-fresolution=/tmp/ccmGgVBm.res] ==> ignore
    arg [-plugin-opt=-pass-through=-lgcc] ==> ignore
    arg [-plugin-opt=-pass-through=-lgcc_s] ==> ignore
    arg [-plugin-opt=-pass-through=-lc] ==> ignore
    arg [-plugin-opt=-pass-through=-lgcc] ==> ignore
    arg [-plugin-opt=-pass-through=-lgcc_s] ==> ignore
    arg [--sysroot=/] ==> ignore
    arg [--build-id] ==> ignore
    arg [--eh-frame-hdr] ==> ignore
    arg [-m] ==> ignore
    arg [elf_x86_64] ==> ignore
    arg [--hash-style=gnu] ==> ignore
    arg [--as-needed] ==> ignore
    arg [-export-dynamic] ==> ignore
    arg [-dynamic-linker] ==> ignore
    arg [/lib64/ld-linux-x86-64.so.2] ==> ignore
    arg [-zrelro] ==> ignore
    arg [-o] ==> ignore
    arg [cmTC_b5d1c] ==> ignore
    arg [/usr/lib/gcc/x86_64-linux-gnu/5/../../../x86_64-linux-gnu/crt1.o] ==> ignore
    arg [/usr/lib/gcc/x86_64-linux-gnu/5/../../../x86_64-linux-gnu/crti.o] ==> ignore
    arg [/usr/lib/gcc/x86_64-linux-gnu/5/crtbegin.o] ==> ignore
    arg [-L/usr/lib/gcc/x86_64-linux-gnu/5] ==> dir [/usr/lib/gcc/x86_64-linux-gnu/5]
    arg [-L/usr/lib/gcc/x86_64-linux-gnu/5/../../../x86_64-linux-gnu] ==> dir [/usr/lib/gcc/x86_64-linux-gnu/5/../../../x86_64-linux-gnu]
    arg [-L/usr/lib/gcc/x86_64-linux-gnu/5/../../../../lib] ==> dir [/usr/lib/gcc/x86_64-linux-gnu/5/../../../../lib]
    arg [-L/lib/x86_64-linux-gnu] ==> dir [/lib/x86_64-linux-gnu]
    arg [-L/lib/../lib] ==> dir [/lib/../lib]
    arg [-L/usr/lib/x86_64-linux-gnu] ==> dir [/usr/lib/x86_64-linux-gnu]
    arg [-L/usr/lib/../lib] ==> dir [/usr/lib/../lib]
    arg [-L/usr/lib/gcc/x86_64-linux-gnu/5/../../..] ==> dir [/usr/lib/gcc/x86_64-linux-gnu/5/../../..]
    arg [CMakeFiles/cmTC_b5d1c.dir/CMakeCCompilerABI.c.o] ==> ignore
    arg [-lgcc] ==> lib [gcc]
    arg [--as-needed] ==> ignore
    arg [-lgcc_s] ==> lib [gcc_s]
    arg [--no-as-needed] ==> ignore
    arg [-lc] ==> lib [c]
    arg [-lgcc] ==> lib [gcc]
    arg [--as-needed] ==> ignore
    arg [-lgcc_s] ==> lib [gcc_s]
    arg [--no-as-needed] ==> ignore
    arg [/usr/lib/gcc/x86_64-linux-gnu/5/crtend.o] ==> ignore
    arg [/usr/lib/gcc/x86_64-linux-gnu/5/../../../x86_64-linux-gnu/crtn.o] ==> ignore
  remove lib [gcc]
  remove lib [gcc_s]
  remove lib [gcc]
  remove lib [gcc_s]
  collapse library dir [/usr/lib/gcc/x86_64-linux-gnu/5] ==> [/usr/lib/gcc/x86_64-linux-gnu/5]
  collapse library dir [/usr/lib/gcc/x86_64-linux-gnu/5/../../../x86_64-linux-gnu] ==> [/usr/lib/x86_64-linux-gnu]
  collapse library dir [/usr/lib/gcc/x86_64-linux-gnu/5/../../../../lib] ==> [/usr/lib]
  collapse library dir [/lib/x86_64-linux-gnu] ==> [/lib/x86_64-linux-gnu]
  collapse library dir [/lib/../lib] ==> [/lib]
  collapse library dir [/usr/lib/x86_64-linux-gnu] ==> [/usr/lib/x86_64-linux-gnu]
  collapse library dir [/usr/lib/../lib] ==> [/usr/lib]
  collapse library dir [/usr/lib/gcc/x86_64-linux-gnu/5/../../..] ==> [/usr/lib]
  implicit libs: [c]
  implicit dirs: [/usr/lib/gcc/x86_64-linux-gnu/5;/usr/lib/x86_64-linux-gnu;/usr/lib;/lib/x86_64-linux-gnu;/lib]
  implicit fwks: []




Detecting C [-std=c11] compiler features compiled with the following output:
Change Dir: /home/torre/Desktop/monero-latest/monero/build/release/CMakeFiles/CMakeTmp

Run Build Command:"/usr/bin/make" "cmTC_20109/fast"
make[1]: Entering directory '/home/torre/Desktop/monero-latest/monero/build/release/CMakeFiles/CMakeTmp'
/usr/bin/make -f CMakeFiles/cmTC_20109.dir/build.make CMakeFiles/cmTC_20109.dir/build
make[2]: Entering directory '/home/torre/Desktop/monero-latest/monero/build/release/CMakeFiles/CMakeTmp'
Building C object CMakeFiles/cmTC_20109.dir/feature_tests.c.o
/usr/bin/cc    -std=c11 -o CMakeFiles/cmTC_20109.dir/feature_tests.c.o   -c /home/torre/Desktop/monero-latest/monero/build/release/CMakeFiles/feature_tests.c
Linking C executable cmTC_20109
/usr/bin/cmake -E cmake_link_script CMakeFiles/cmTC_20109.dir/link.txt --verbose=1
/usr/bin/cc       CMakeFiles/cmTC_20109.dir/feature_tests.c.o  -o cmTC_20109 -rdynamic 
make[2]: Leaving directory '/home/torre/Desktop/monero-latest/monero/build/release/CMakeFiles/CMakeTmp'
make[1]: Leaving directory '/home/torre/Desktop/monero-latest/monero/build/release/CMakeFiles/CMakeTmp'


    Feature record: C_FEATURE:1c_function_prototypes
    Feature record: C_FEATURE:1c_restrict
    Feature record: C_FEATURE:1c_static_assert
    Feature record: C_FEATURE:1c_variadic_macros


Detecting C [-std=c99] compiler features compiled with the following output:
Change Dir: /home/torre/Desktop/monero-latest/monero/build/release/CMakeFiles/CMakeTmp

Run Build Command:"/usr/bin/make" "cmTC_5a18b/fast"
make[1]: Entering directory '/home/torre/Desktop/monero-latest/monero/build/release/CMakeFiles/CMakeTmp'
/usr/bin/make -f CMakeFiles/cmTC_5a18b.dir/build.make CMakeFiles/cmTC_5a18b.dir/build
make[2]: Entering directory '/home/torre/Desktop/monero-latest/monero/build/release/CMakeFiles/CMakeTmp'
Building C object CMakeFiles/cmTC_5a18b.dir/feature_tests.c.o
/usr/bin/cc    -std=c99 -o CMakeFiles/cmTC_5a18b.dir/feature_tests.c.o   -c /home/torre/Desktop/monero-latest/monero/build/release/CMakeFiles/feature_tests.c
Linking C executable cmTC_5a18b
/usr/bin/cmake -E cmake_link_script CMakeFiles/cmTC_5a18b.dir/link.txt --verbose=1
/usr/bin/cc       CMakeFiles/cmTC_5a18b.dir/feature_tests.c.o  -o cmTC_5a18b -rdynamic 
make[2]: Leaving directory '/home/torre/Desktop/monero-latest/monero/build/release/CMakeFiles/CMakeTmp'
make[1]: Leaving directory '/home/torre/Desktop/monero-latest/monero/build/release/CMakeFiles/CMakeTmp'


    Feature record: C_FEATURE:1c_function_prototypes
    Feature record: C_FEATURE:1c_restrict
    Feature record: C_FEATURE:0c_static_assert
    Feature record: C_FEATURE:1c_variadic_macros


Detecting C [-std=c90] compiler features compiled with the following output:
Change Dir: /home/torre/Desktop/monero-latest/monero/build/release/CMakeFiles/CMakeTmp

Run Build Command:"/usr/bin/make" "cmTC_af80c/fast"
make[1]: Entering directory '/home/torre/Desktop/monero-latest/monero/build/release/CMakeFiles/CMakeTmp'
/usr/bin/make -f CMakeFiles/cmTC_af80c.dir/build.make CMakeFiles/cmTC_af80c.dir/build
make[2]: Entering directory '/home/torre/Desktop/monero-latest/monero/build/release/CMakeFiles/CMakeTmp'
Building C object CMakeFiles/cmTC_af80c.dir/feature_tests.c.o
/usr/bin/cc    -std=c90 -o CMakeFiles/cmTC_af80c.dir/feature_tests.c.o   -c /home/torre/Desktop/monero-latest/monero/build/release/CMakeFiles/feature_tests.c
Linking C executable cmTC_af80c
/usr/bin/cmake -E cmake_link_script CMakeFiles/cmTC_af80c.dir/link.txt --verbose=1
/usr/bin/cc       CMakeFiles/cmTC_af80c.dir/feature_tests.c.o  -o cmTC_af80c -rdynamic 
make[2]: Leaving directory '/home/torre/Desktop/monero-latest/monero/build/release/CMakeFiles/CMakeTmp'
make[1]: Leaving directory '/home/torre/Desktop/monero-latest/monero/build/release/CMakeFiles/CMakeTmp'


    Feature record: C_FEATURE:1c_function_prototypes
    Feature record: C_FEATURE:0c_restrict
    Feature record: C_FEATURE:0c_static_assert
    Feature record: C_FEATURE:0c_variadic_macros
Determining if the CXX compiler works passed with the following output:
Change Dir: /home/torre/Desktop/monero-latest/monero/build/release/CMakeFiles/CMakeTmp

Run Build Command:"/usr/bin/make" "cmTC_86cd7/fast"
make[1]: Entering directory '/home/torre/Desktop/monero-latest/monero/build/release/CMakeFiles/CMakeTmp'
/usr/bin/make -f CMakeFiles/cmTC_86cd7.dir/build.make CMakeFiles/cmTC_86cd7.dir/build
make[2]: Entering directory '/home/torre/Desktop/monero-latest/monero/build/release/CMakeFiles/CMakeTmp'
Building CXX object CMakeFiles/cmTC_86cd7.dir/testCXXCompiler.cxx.o
/usr/bin/c++      -o CMakeFiles/cmTC_86cd7.dir/testCXXCompiler.cxx.o -c /home/torre/Desktop/monero-latest/monero/build/release/CMakeFiles/CMakeTmp/testCXXCompiler.cxx
Linking CXX executable cmTC_86cd7
/usr/bin/cmake -E cmake_link_script CMakeFiles/cmTC_86cd7.dir/link.txt --verbose=1
/usr/bin/c++        CMakeFiles/cmTC_86cd7.dir/testCXXCompiler.cxx.o  -o cmTC_86cd7 -rdynamic 
make[2]: Leaving directory '/home/torre/Desktop/monero-latest/monero/build/release/CMakeFiles/CMakeTmp'
make[1]: Leaving directory '/home/torre/Desktop/monero-latest/monero/build/release/CMakeFiles/CMakeTmp'


Detecting CXX compiler ABI info compiled with the following output:
Change Dir: /home/torre/Desktop/monero-latest/monero/build/release/CMakeFiles/CMakeTmp

Run Build Command:"/usr/bin/make" "cmTC_c8b5d/fast"
make[1]: Entering directory '/home/torre/Desktop/monero-latest/monero/build/release/CMakeFiles/CMakeTmp'
/usr/bin/make -f CMakeFiles/cmTC_c8b5d.dir/build.make CMakeFiles/cmTC_c8b5d.dir/build
make[2]: Entering directory '/home/torre/Desktop/monero-latest/monero/build/release/CMakeFiles/CMakeTmp'
Building CXX object CMakeFiles/cmTC_c8b5d.dir/CMakeCXXCompilerABI.cpp.o
/usr/bin/c++      -o CMakeFiles/cmTC_c8b5d.dir/CMakeCXXCompilerABI.cpp.o -c /usr/share/cmake-3.5/Modules/CMakeCXXCompilerABI.cpp
Linking CXX executable cmTC_c8b5d
/usr/bin/cmake -E cmake_link_script CMakeFiles/cmTC_c8b5d.dir/link.txt --verbose=1
/usr/bin/c++       -v CMakeFiles/cmTC_c8b5d.dir/CMakeCXXCompilerABI.cpp.o  -o cmTC_c8b5d -rdynamic  
Using built-in specs.
COLLECT_GCC=/usr/bin/c++
COLLECT_LTO_WRAPPER=/usr/lib/gcc/x86_64-linux-gnu/5/lto-wrapper
Target: x86_64-linux-gnu
Configured with: ../src/configure -v --with-pkgversion='Ubuntu 5.4.0-6ubuntu1~16.04.10' --with-bugurl=file:///usr/share/doc/gcc-5/README.Bugs --enable-languages=c,ada,c++,java,go,d,fortran,objc,obj-c++ --prefix=/usr --program-suffix=-5 --enable-shared --enable-linker-build-id --libexecdir=/usr/lib --without-included-gettext --enable-threads=posix --libdir=/usr/lib --enable-nls --with-sysroot=/ --enable-clocale=gnu --enable-libstdcxx-debug --enable-libstdcxx-time=yes --with-default-libstdcxx-abi=new --enable-gnu-unique-object --disable-vtable-verify --enable-libmpx --enable-plugin --with-system-zlib --disable-browser-plugin --enable-java-awt=gtk --enable-gtk-cairo --with-java-home=/usr/lib/jvm/java-1.5.0-gcj-5-amd64/jre --enable-java-home --with-jvm-root-dir=/usr/lib/jvm/java-1.5.0-gcj-5-amd64 --with-jvm-jar-dir=/usr/lib/jvm-exports/java-1.5.0-gcj-5-amd64 --with-arch-directory=amd64 --with-ecj-jar=/usr/share/java/eclipse-ecj.jar --enable-objc-gc --enable-multiarch --disable-werror --with-arch-32=i686 --with-abi=m64 --with-multilib-list=m32,m64,mx32 --enable-multilib --with-tune=generic --enable-checking=release --build=x86_64-linux-gnu --host=x86_64-linux-gnu --target=x86_64-linux-gnu
Thread model: posix
gcc version 5.4.0 20160609 (Ubuntu 5.4.0-6ubuntu1~16.04.10) 
COMPILER_PATH=/usr/lib/gcc/x86_64-linux-gnu/5/:/usr/lib/gcc/x86_64-linux-gnu/5/:/usr/lib/gcc/x86_64-linux-gnu/:/usr/lib/gcc/x86_64-linux-gnu/5/:/usr/lib/gcc/x86_64-linux-gnu/
LIBRARY_PATH=/usr/lib/gcc/x86_64-linux-gnu/5/:/usr/lib/gcc/x86_64-linux-gnu/5/../../../x86_64-linux-gnu/:/usr/lib/gcc/x86_64-linux-gnu/5/../../../../lib/:/lib/x86_64-linux-gnu/:/lib/../lib/:/usr/lib/x86_64-linux-gnu/:/usr/lib/../lib/:/usr/lib/gcc/x86_64-linux-gnu/5/../../../:/lib/:/usr/lib/
COLLECT_GCC_OPTIONS='-v' '-o' 'cmTC_c8b5d' '-rdynamic' '-shared-libgcc' '-mtune=generic' '-march=x86-64'
 /usr/lib/gcc/x86_64-linux-gnu/5/collect2 -plugin /usr/lib/gcc/x86_64-linux-gnu/5/liblto_plugin.so -plugin-opt=/usr/lib/gcc/x86_64-linux-gnu/5/lto-wrapper -plugin-opt=-fresolution=/tmp/ccRUtUHD.res -plugin-opt=-pass-through=-lgcc_s -plugin-opt=-pass-through=-lgcc -plugin-opt=-pass-through=-lc -plugin-opt=-pass-through=-lgcc_s -plugin-opt=-pass-through=-lgcc --sysroot=/ --build-id --eh-frame-hdr -m elf_x86_64 --hash-style=gnu --as-needed -export-dynamic -dynamic-linker /lib64/ld-linux-x86-64.so.2 -z relro -o cmTC_c8b5d /usr/lib/gcc/x86_64-linux-gnu/5/../../../x86_64-linux-gnu/crt1.o /usr/lib/gcc/x86_64-linux-gnu/5/../../../x86_64-linux-gnu/crti.o /usr/lib/gcc/x86_64-linux-gnu/5/crtbegin.o -L/usr/lib/gcc/x86_64-linux-gnu/5 -L/usr/lib/gcc/x86_64-linux-gnu/5/../../../x86_64-linux-gnu -L/usr/lib/gcc/x86_64-linux-gnu/5/../../../../lib -L/lib/x86_64-linux-gnu -L/lib/../lib -L/usr/lib/x86_64-linux-gnu -L/usr/lib/../lib -L/usr/lib/gcc/x86_64-linux-gnu/5/../../.. CMakeFiles/cmTC_c8b5d.dir/CMakeCXXCompilerABI.cpp.o -lstdc++ -lm -lgcc_s -lgcc -lc -lgcc_s -lgcc /usr/lib/gcc/x86_64-linux-gnu/5/crtend.o /usr/lib/gcc/x86_64-linux-gnu/5/../../../x86_64-linux-gnu/crtn.o
make[2]: Leaving directory '/home/torre/Desktop/monero-latest/monero/build/release/CMakeFiles/CMakeTmp'
make[1]: Leaving directory '/home/torre/Desktop/monero-latest/monero/build/release/CMakeFiles/CMakeTmp'


Parsed CXX implicit link information from above output:
  link line regex: [^( *|.*[/\])(ld|([^/\]+-)?ld|collect2)[^/\]*( |$)]
  ignore line: [Change Dir: /home/torre/Desktop/monero-latest/monero/build/release/CMakeFiles/CMakeTmp]
  ignore line: []
  ignore line: [Run Build Command:"/usr/bin/make" "cmTC_c8b5d/fast"]
  ignore line: [make[1]: Entering directory '/home/torre/Desktop/monero-latest/monero/build/release/CMakeFiles/CMakeTmp']
  ignore line: [/usr/bin/make -f CMakeFiles/cmTC_c8b5d.dir/build.make CMakeFiles/cmTC_c8b5d.dir/build]
  ignore line: [make[2]: Entering directory '/home/torre/Desktop/monero-latest/monero/build/release/CMakeFiles/CMakeTmp']
  ignore line: [Building CXX object CMakeFiles/cmTC_c8b5d.dir/CMakeCXXCompilerABI.cpp.o]
  ignore line: [/usr/bin/c++      -o CMakeFiles/cmTC_c8b5d.dir/CMakeCXXCompilerABI.cpp.o -c /usr/share/cmake-3.5/Modules/CMakeCXXCompilerABI.cpp]
  ignore line: [Linking CXX executable cmTC_c8b5d]
  ignore line: [/usr/bin/cmake -E cmake_link_script CMakeFiles/cmTC_c8b5d.dir/link.txt --verbose=1]
  ignore line: [/usr/bin/c++       -v CMakeFiles/cmTC_c8b5d.dir/CMakeCXXCompilerABI.cpp.o  -o cmTC_c8b5d -rdynamic  ]
  ignore line: [Using built-in specs.]
  ignore line: [COLLECT_GCC=/usr/bin/c++]
  ignore line: [COLLECT_LTO_WRAPPER=/usr/lib/gcc/x86_64-linux-gnu/5/lto-wrapper]
  ignore line: [Target: x86_64-linux-gnu]
  ignore line: [Configured with: ../src/configure -v --with-pkgversion='Ubuntu 5.4.0-6ubuntu1~16.04.10' --with-bugurl=file:///usr/share/doc/gcc-5/README.Bugs --enable-languages=c,ada,c++,java,go,d,fortran,objc,obj-c++ --prefix=/usr --program-suffix=-5 --enable-shared --enable-linker-build-id --libexecdir=/usr/lib --without-included-gettext --enable-threads=posix --libdir=/usr/lib --enable-nls --with-sysroot=/ --enable-clocale=gnu --enable-libstdcxx-debug --enable-libstdcxx-time=yes --with-default-libstdcxx-abi=new --enable-gnu-unique-object --disable-vtable-verify --enable-libmpx --enable-plugin --with-system-zlib --disable-browser-plugin --enable-java-awt=gtk --enable-gtk-cairo --with-java-home=/usr/lib/jvm/java-1.5.0-gcj-5-amd64/jre --enable-java-home --with-jvm-root-dir=/usr/lib/jvm/java-1.5.0-gcj-5-amd64 --with-jvm-jar-dir=/usr/lib/jvm-exports/java-1.5.0-gcj-5-amd64 --with-arch-directory=amd64 --with-ecj-jar=/usr/share/java/eclipse-ecj.jar --enable-objc-gc --enable-multiarch --disable-werror --with-arch-32=i686 --with-abi=m64 --with-multilib-list=m32,m64,mx32 --enable-multilib --with-tune=generic --enable-checking=release --build=x86_64-linux-gnu --host=x86_64-linux-gnu --target=x86_64-linux-gnu]
  ignore line: [Thread model: posix]
  ignore line: [gcc version 5.4.0 20160609 (Ubuntu 5.4.0-6ubuntu1~16.04.10) ]
  ignore line: [COMPILER_PATH=/usr/lib/gcc/x86_64-linux-gnu/5/:/usr/lib/gcc/x86_64-linux-gnu/5/:/usr/lib/gcc/x86_64-linux-gnu/:/usr/lib/gcc/x86_64-linux-gnu/5/:/usr/lib/gcc/x86_64-linux-gnu/]
  ignore line: [LIBRARY_PATH=/usr/lib/gcc/x86_64-linux-gnu/5/:/usr/lib/gcc/x86_64-linux-gnu/5/../../../x86_64-linux-gnu/:/usr/lib/gcc/x86_64-linux-gnu/5/../../../../lib/:/lib/x86_64-linux-gnu/:/lib/../lib/:/usr/lib/x86_64-linux-gnu/:/usr/lib/../lib/:/usr/lib/gcc/x86_64-linux-gnu/5/../../../:/lib/:/usr/lib/]
  ignore line: [COLLECT_GCC_OPTIONS='-v' '-o' 'cmTC_c8b5d' '-rdynamic' '-shared-libgcc' '-mtune=generic' '-march=x86-64']
  link line: [ /usr/lib/gcc/x86_64-linux-gnu/5/collect2 -plugin /usr/lib/gcc/x86_64-linux-gnu/5/liblto_plugin.so -plugin-opt=/usr/lib/gcc/x86_64-linux-gnu/5/lto-wrapper -plugin-opt=-fresolution=/tmp/ccRUtUHD.res -plugin-opt=-pass-through=-lgcc_s -plugin-opt=-pass-through=-lgcc -plugin-opt=-pass-through=-lc -plugin-opt=-pass-through=-lgcc_s -plugin-opt=-pass-through=-lgcc --sysroot=/ --build-id --eh-frame-hdr -m elf_x86_64 --hash-style=gnu --as-needed -export-dynamic -dynamic-linker /lib64/ld-linux-x86-64.so.2 -z relro -o cmTC_c8b5d /usr/lib/gcc/x86_64-linux-gnu/5/../../../x86_64-linux-gnu/crt1.o /usr/lib/gcc/x86_64-linux-gnu/5/../../../x86_64-linux-gnu/crti.o /usr/lib/gcc/x86_64-linux-gnu/5/crtbegin.o -L/usr/lib/gcc/x86_64-linux-gnu/5 -L/usr/lib/gcc/x86_64-linux-gnu/5/../../../x86_64-linux-gnu -L/usr/lib/gcc/x86_64-linux-gnu/5/../../../../lib -L/lib/x86_64-linux-gnu -L/lib/../lib -L/usr/lib/x86_64-linux-gnu -L/usr/lib/../lib -L/usr/lib/gcc/x86_64-linux-gnu/5/../../.. CMakeFiles/cmTC_c8b5d.dir/CMakeCXXCompilerABI.cpp.o -lstdc++ -lm -lgcc_s -lgcc -lc -lgcc_s -lgcc /usr/lib/gcc/x86_64-linux-gnu/5/crtend.o /usr/lib/gcc/x86_64-linux-gnu/5/../../../x86_64-linux-gnu/crtn.o]
    arg [/usr/lib/gcc/x86_64-linux-gnu/5/collect2] ==> ignore
    arg [-plugin] ==> ignore
    arg [/usr/lib/gcc/x86_64-linux-gnu/5/liblto_plugin.so] ==> ignore
    arg [-plugin-opt=/usr/lib/gcc/x86_64-linux-gnu/5/lto-wrapper] ==> ignore
    arg [-plugin-opt=-fresolution=/tmp/ccRUtUHD.res] ==> ignore
    arg [-plugin-opt=-pass-through=-lgcc_s] ==> ignore
    arg [-plugin-opt=-pass-through=-lgcc] ==> ignore
    arg [-plugin-opt=-pass-through=-lc] ==> ignore
    arg [-plugin-opt=-pass-through=-lgcc_s] ==> ignore
    arg [-plugin-opt=-pass-through=-lgcc] ==> ignore
    arg [--sysroot=/] ==> ignore
    arg [--build-id] ==> ignore
    arg [--eh-frame-hdr] ==> ignore
    arg [-m] ==> ignore
    arg [elf_x86_64] ==> ignore
    arg [--hash-style=gnu] ==> ignore
    arg [--as-needed] ==> ignore
    arg [-export-dynamic] ==> ignore
    arg [-dynamic-linker] ==> ignore
    arg [/lib64/ld-linux-x86-64.so.2] ==> ignore
    arg [-zrelro] ==> ignore
    arg [-o] ==> ignore
    arg [cmTC_c8b5d] ==> ignore
    arg [/usr/lib/gcc/x86_64-linux-gnu/5/../../../x86_64-linux-gnu/crt1.o] ==> ignore
    arg [/usr/lib/gcc/x86_64-linux-gnu/5/../../../x86_64-linux-gnu/crti.o] ==> ignore
    arg [/usr/lib/gcc/x86_64-linux-gnu/5/crtbegin.o] ==> ignore
    arg [-L/usr/lib/gcc/x86_64-linux-gnu/5] ==> dir [/usr/lib/gcc/x86_64-linux-gnu/5]
    arg [-L/usr/lib/gcc/x86_64-linux-gnu/5/../../../x86_64-linux-gnu] ==> dir [/usr/lib/gcc/x86_64-linux-gnu/5/../../../x86_64-linux-gnu]
    arg [-L/usr/lib/gcc/x86_64-linux-gnu/5/../../../../lib] ==> dir [/usr/lib/gcc/x86_64-linux-gnu/5/../../../../lib]
    arg [-L/lib/x86_64-linux-gnu] ==> dir [/lib/x86_64-linux-gnu]
    arg [-L/lib/../lib] ==> dir [/lib/../lib]
    arg [-L/usr/lib/x86_64-linux-gnu] ==> dir [/usr/lib/x86_64-linux-gnu]
    arg [-L/usr/lib/../lib] ==> dir [/usr/lib/../lib]
    arg [-L/usr/lib/gcc/x86_64-linux-gnu/5/../../..] ==> dir [/usr/lib/gcc/x86_64-linux-gnu/5/../../..]
    arg [CMakeFiles/cmTC_c8b5d.dir/CMakeCXXCompilerABI.cpp.o] ==> ignore
    arg [-lstdc++] ==> lib [stdc++]
    arg [-lm] ==> lib [m]
    arg [-lgcc_s] ==> lib [gcc_s]
    arg [-lgcc] ==> lib [gcc]
    arg [-lc] ==> lib [c]
    arg [-lgcc_s] ==> lib [gcc_s]
    arg [-lgcc] ==> lib [gcc]
    arg [/usr/lib/gcc/x86_64-linux-gnu/5/crtend.o] ==> ignore
    arg [/usr/lib/gcc/x86_64-linux-gnu/5/../../../x86_64-linux-gnu/crtn.o] ==> ignore
  remove lib [gcc_s]
  remove lib [gcc]
  remove lib [gcc_s]
  remove lib [gcc]
  collapse library dir [/usr/lib/gcc/x86_64-linux-gnu/5] ==> [/usr/lib/gcc/x86_64-linux-gnu/5]
  collapse library dir [/usr/lib/gcc/x86_64-linux-gnu/5/../../../x86_64-linux-gnu] ==> [/usr/lib/x86_64-linux-gnu]
  collapse library dir [/usr/lib/gcc/x86_64-linux-gnu/5/../../../../lib] ==> [/usr/lib]
  collapse library dir [/lib/x86_64-linux-gnu] ==> [/lib/x86_64-linux-gnu]
  collapse library dir [/lib/../lib] ==> [/lib]
  collapse library dir [/usr/lib/x86_64-linux-gnu] ==> [/usr/lib/x86_64-linux-gnu]
  collapse library dir [/usr/lib/../lib] ==> [/usr/lib]
  collapse library dir [/usr/lib/gcc/x86_64-linux-gnu/5/../../..] ==> [/usr/lib]
  implicit libs: [stdc++;m;c]
  implicit dirs: [/usr/lib/gcc/x86_64-linux-gnu/5;/usr/lib/x86_64-linux-gnu;/usr/lib;/lib/x86_64-linux-gnu;/lib]
  implicit fwks: []




Detecting CXX [-std=c++14] compiler features compiled with the following output:
Change Dir: /home/torre/Desktop/monero-latest/monero/build/release/CMakeFiles/CMakeTmp

Run Build Command:"/usr/bin/make" "cmTC_20777/fast"
make[1]: Entering directory '/home/torre/Desktop/monero-latest/monero/build/release/CMakeFiles/CMakeTmp'
/usr/bin/make -f CMakeFiles/cmTC_20777.dir/build.make CMakeFiles/cmTC_20777.dir/build
make[2]: Entering directory '/home/torre/Desktop/monero-latest/monero/build/release/CMakeFiles/CMakeTmp'
Building CXX object CMakeFiles/cmTC_20777.dir/feature_tests.cxx.o
/usr/bin/c++     -std=c++14 -o CMakeFiles/cmTC_20777.dir/feature_tests.cxx.o -c /home/torre/Desktop/monero-latest/monero/build/release/CMakeFiles/feature_tests.cxx
Linking CXX executable cmTC_20777
/usr/bin/cmake -E cmake_link_script CMakeFiles/cmTC_20777.dir/link.txt --verbose=1
/usr/bin/c++        CMakeFiles/cmTC_20777.dir/feature_tests.cxx.o  -o cmTC_20777 -rdynamic 
make[2]: Leaving directory '/home/torre/Desktop/monero-latest/monero/build/release/CMakeFiles/CMakeTmp'
make[1]: Leaving directory '/home/torre/Desktop/monero-latest/monero/build/release/CMakeFiles/CMakeTmp'


    Feature record: CXX_FEATURE:1cxx_aggregate_default_initializers
    Feature record: CXX_FEATURE:1cxx_alias_templates
    Feature record: CXX_FEATURE:1cxx_alignas
    Feature record: CXX_FEATURE:1cxx_alignof
    Feature record: CXX_FEATURE:1cxx_attributes
    Feature record: CXX_FEATURE:1cxx_attribute_deprecated
    Feature record: CXX_FEATURE:1cxx_auto_type
    Feature record: CXX_FEATURE:1cxx_binary_literals
    Feature record: CXX_FEATURE:1cxx_constexpr
    Feature record: CXX_FEATURE:1cxx_contextual_conversions
    Feature record: CXX_FEATURE:1cxx_decltype
    Feature record: CXX_FEATURE:1cxx_decltype_auto
    Feature record: CXX_FEATURE:1cxx_decltype_incomplete_return_types
    Feature record: CXX_FEATURE:1cxx_default_function_template_args
    Feature record: CXX_FEATURE:1cxx_defaulted_functions
    Feature record: CXX_FEATURE:1cxx_defaulted_move_initializers
    Feature record: CXX_FEATURE:1cxx_delegating_constructors
    Feature record: CXX_FEATURE:1cxx_deleted_functions
    Feature record: CXX_FEATURE:1cxx_digit_separators
    Feature record: CXX_FEATURE:1cxx_enum_forward_declarations
    Feature record: CXX_FEATURE:1cxx_explicit_conversions
    Feature record: CXX_FEATURE:1cxx_extended_friend_declarations
    Feature record: CXX_FEATURE:1cxx_extern_templates
    Feature record: CXX_FEATURE:1cxx_final
    Feature record: CXX_FEATURE:1cxx_func_identifier
    Feature record: CXX_FEATURE:1cxx_generalized_initializers
    Feature record: CXX_FEATURE:1cxx_generic_lambdas
    Feature record: CXX_FEATURE:1cxx_inheriting_constructors
    Feature record: CXX_FEATURE:1cxx_inline_namespaces
    Feature record: CXX_FEATURE:1cxx_lambdas
    Feature record: CXX_FEATURE:1cxx_lambda_init_captures
    Feature record: CXX_FEATURE:1cxx_local_type_template_args
    Feature record: CXX_FEATURE:1cxx_long_long_type
    Feature record: CXX_FEATURE:1cxx_noexcept
    Feature record: CXX_FEATURE:1cxx_nonstatic_member_init
    Feature record: CXX_FEATURE:1cxx_nullptr
    Feature record: CXX_FEATURE:1cxx_override
    Feature record: CXX_FEATURE:1cxx_range_for
    Feature record: CXX_FEATURE:1cxx_raw_string_literals
    Feature record: CXX_FEATURE:1cxx_reference_qualified_functions
    Feature record: CXX_FEATURE:1cxx_relaxed_constexpr
    Feature record: CXX_FEATURE:1cxx_return_type_deduction
    Feature record: CXX_FEATURE:1cxx_right_angle_brackets
    Feature record: CXX_FEATURE:1cxx_rvalue_references
    Feature record: CXX_FEATURE:1cxx_sizeof_member
    Feature record: CXX_FEATURE:1cxx_static_assert
    Feature record: CXX_FEATURE:1cxx_strong_enums
    Feature record: CXX_FEATURE:1cxx_template_template_parameters
    Feature record: CXX_FEATURE:1cxx_thread_local
    Feature record: CXX_FEATURE:1cxx_trailing_return_types
    Feature record: CXX_FEATURE:1cxx_unicode_literals
    Feature record: CXX_FEATURE:1cxx_uniform_initialization
    Feature record: CXX_FEATURE:1cxx_unrestricted_unions
    Feature record: CXX_FEATURE:1cxx_user_literals
    Feature record: CXX_FEATURE:1cxx_variable_templates
    Feature record: CXX_FEATURE:1cxx_variadic_macros
    Feature record: CXX_FEATURE:1cxx_variadic_templates


Detecting CXX [-std=c++11] compiler features compiled with the following output:
Change Dir: /home/torre/Desktop/monero-latest/monero/build/release/CMakeFiles/CMakeTmp

Run Build Command:"/usr/bin/make" "cmTC_9a9c8/fast"
make[1]: Entering directory '/home/torre/Desktop/monero-latest/monero/build/release/CMakeFiles/CMakeTmp'
/usr/bin/make -f CMakeFiles/cmTC_9a9c8.dir/build.make CMakeFiles/cmTC_9a9c8.dir/build
make[2]: Entering directory '/home/torre/Desktop/monero-latest/monero/build/release/CMakeFiles/CMakeTmp'
Building CXX object CMakeFiles/cmTC_9a9c8.dir/feature_tests.cxx.o
/usr/bin/c++     -std=c++11 -o CMakeFiles/cmTC_9a9c8.dir/feature_tests.cxx.o -c /home/torre/Desktop/monero-latest/monero/build/release/CMakeFiles/feature_tests.cxx
Linking CXX executable cmTC_9a9c8
/usr/bin/cmake -E cmake_link_script CMakeFiles/cmTC_9a9c8.dir/link.txt --verbose=1
/usr/bin/c++        CMakeFiles/cmTC_9a9c8.dir/feature_tests.cxx.o  -o cmTC_9a9c8 -rdynamic 
make[2]: Leaving directory '/home/torre/Desktop/monero-latest/monero/build/release/CMakeFiles/CMakeTmp'
make[1]: Leaving directory '/home/torre/Desktop/monero-latest/monero/build/release/CMakeFiles/CMakeTmp'


    Feature record: CXX_FEATURE:0cxx_aggregate_default_initializers
    Feature record: CXX_FEATURE:1cxx_alias_templates
    Feature record: CXX_FEATURE:1cxx_alignas
    Feature record: CXX_FEATURE:1cxx_alignof
    Feature record: CXX_FEATURE:1cxx_attributes
    Feature record: CXX_FEATURE:0cxx_attribute_deprecated
    Feature record: CXX_FEATURE:1cxx_auto_type
    Feature record: CXX_FEATURE:0cxx_binary_literals
    Feature record: CXX_FEATURE:1cxx_constexpr
    Feature record: CXX_FEATURE:0cxx_contextual_conversions
    Feature record: CXX_FEATURE:1cxx_decltype
    Feature record: CXX_FEATURE:0cxx_decltype_auto
    Feature record: CXX_FEATURE:1cxx_decltype_incomplete_return_types
    Feature record: CXX_FEATURE:1cxx_default_function_template_args
    Feature record: CXX_FEATURE:1cxx_defaulted_functions
    Feature record: CXX_FEATURE:1cxx_defaulted_move_initializers
    Feature record: CXX_FEATURE:1cxx_delegating_constructors
    Feature record: CXX_FEATURE:1cxx_deleted_functions
    Feature record: CXX_FEATURE:0cxx_digit_separators
    Feature record: CXX_FEATURE:1cxx_enum_forward_declarations
    Feature record: CXX_FEATURE:1cxx_explicit_conversions
    Feature record: CXX_FEATURE:1cxx_extended_friend_declarations
    Feature record: CXX_FEATURE:1cxx_extern_templates
    Feature record: CXX_FEATURE:1cxx_final
    Feature record: CXX_FEATURE:1cxx_func_identifier
    Feature record: CXX_FEATURE:1cxx_generalized_initializers
    Feature record: CXX_FEATURE:0cxx_generic_lambdas
    Feature record: CXX_FEATURE:1cxx_inheriting_constructors
    Feature record: CXX_FEATURE:1cxx_inline_namespaces
    Feature record: CXX_FEATURE:1cxx_lambdas
    Feature record: CXX_FEATURE:0cxx_lambda_init_captures
    Feature record: CXX_FEATURE:1cxx_local_type_template_args
    Feature record: CXX_FEATURE:1cxx_long_long_type
    Feature record: CXX_FEATURE:1cxx_noexcept
    Feature record: CXX_FEATURE:1cxx_nonstatic_member_init
    Feature record: CXX_FEATURE:1cxx_nullptr
    Feature record: CXX_FEATURE:1cxx_override
    Feature record: CXX_FEATURE:1cxx_range_for
    Feature record: CXX_FEATURE:1cxx_raw_string_literals
    Feature record: CXX_FEATURE:1cxx_reference_qualified_functions
    Feature record: CXX_FEATURE:0cxx_relaxed_constexpr
    Feature record: CXX_FEATURE:0cxx_return_type_deduction
    Feature record: CXX_FEATURE:1cxx_right_angle_brackets
    Feature record: CXX_FEATURE:1cxx_rvalue_references
    Feature record: CXX_FEATURE:1cxx_sizeof_member
    Feature record: CXX_FEATURE:1cxx_static_assert
    Feature record: CXX_FEATURE:1cxx_strong_enums
    Feature record: CXX_FEATURE:1cxx_template_template_parameters
    Feature record: CXX_FEATURE:1cxx_thread_local
    Feature record: CXX_FEATURE:1cxx_trailing_return_types
    Feature record: CXX_FEATURE:1cxx_unicode_literals
    Feature record: CXX_FEATURE:1cxx_uniform_initialization
    Feature record: CXX_FEATURE:1cxx_unrestricted_unions
    Feature record: CXX_FEATURE:1cxx_user_literals
    Feature record: CXX_FEATURE:0cxx_variable_templates
    Feature record: CXX_FEATURE:1cxx_variadic_macros
    Feature record: CXX_FEATURE:1cxx_variadic_templates


Detecting CXX [-std=c++98] compiler features compiled with the following output:
Change Dir: /home/torre/Desktop/monero-latest/monero/build/release/CMakeFiles/CMakeTmp

Run Build Command:"/usr/bin/make" "cmTC_b9048/fast"
make[1]: Entering directory '/home/torre/Desktop/monero-latest/monero/build/release/CMakeFiles/CMakeTmp'
/usr/bin/make -f CMakeFiles/cmTC_b9048.dir/build.make CMakeFiles/cmTC_b9048.dir/build
make[2]: Entering directory '/home/torre/Desktop/monero-latest/monero/build/release/CMakeFiles/CMakeTmp'
Building CXX object CMakeFiles/cmTC_b9048.dir/feature_tests.cxx.o
/usr/bin/c++     -std=c++98 -o CMakeFiles/cmTC_b9048.dir/feature_tests.cxx.o -c /home/torre/Desktop/monero-latest/monero/build/release/CMakeFiles/feature_tests.cxx
Linking CXX executable cmTC_b9048
/usr/bin/cmake -E cmake_link_script CMakeFiles/cmTC_b9048.dir/link.txt --verbose=1
/usr/bin/c++        CMakeFiles/cmTC_b9048.dir/feature_tests.cxx.o  -o cmTC_b9048 -rdynamic 
make[2]: Leaving directory '/home/torre/Desktop/monero-latest/monero/build/release/CMakeFiles/CMakeTmp'
make[1]: Leaving directory '/home/torre/Desktop/monero-latest/monero/build/release/CMakeFiles/CMakeTmp'


    Feature record: CXX_FEATURE:0cxx_aggregate_default_initializers
    Feature record: CXX_FEATURE:0cxx_alias_templates
    Feature record: CXX_FEATURE:0cxx_alignas
    Feature record: CXX_FEATURE:0cxx_alignof
    Feature record: CXX_FEATURE:0cxx_attributes
    Feature record: CXX_FEATURE:0cxx_attribute_deprecated
    Feature record: CXX_FEATURE:0cxx_auto_type
    Feature record: CXX_FEATURE:0cxx_binary_literals
    Feature record: CXX_FEATURE:0cxx_constexpr
    Feature record: CXX_FEATURE:0cxx_contextual_conversions
    Feature record: CXX_FEATURE:0cxx_decltype
    Feature record: CXX_FEATURE:0cxx_decltype_auto
    Feature record: CXX_FEATURE:0cxx_decltype_incomplete_return_types
    Feature record: CXX_FEATURE:0cxx_default_function_template_args
    Feature record: CXX_FEATURE:0cxx_defaulted_functions
    Feature record: CXX_FEATURE:0cxx_defaulted_move_initializers
    Feature record: CXX_FEATURE:0cxx_delegating_constructors
    Feature record: CXX_FEATURE:0cxx_deleted_functions
    Feature record: CXX_FEATURE:0cxx_digit_separators
    Feature record: CXX_FEATURE:0cxx_enum_forward_declarations
    Feature record: CXX_FEATURE:0cxx_explicit_conversions
    Feature record: CXX_FEATURE:0cxx_extended_friend_declarations
    Feature record: CXX_FEATURE:0cxx_extern_templates
    Feature record: CXX_FEATURE:0cxx_final
    Feature record: CXX_FEATURE:0cxx_func_identifier
    Feature record: CXX_FEATURE:0cxx_generalized_initializers
    Feature record: CXX_FEATURE:0cxx_generic_lambdas
    Feature record: CXX_FEATURE:0cxx_inheriting_constructors
    Feature record: CXX_FEATURE:0cxx_inline_namespaces
    Feature record: CXX_FEATURE:0cxx_lambdas
    Feature record: CXX_FEATURE:0cxx_lambda_init_captures
    Feature record: CXX_FEATURE:0cxx_local_type_template_args
    Feature record: CXX_FEATURE:0cxx_long_long_type
    Feature record: CXX_FEATURE:0cxx_noexcept
    Feature record: CXX_FEATURE:0cxx_nonstatic_member_init
    Feature record: CXX_FEATURE:0cxx_nullptr
    Feature record: CXX_FEATURE:0cxx_override
    Feature record: CXX_FEATURE:0cxx_range_for
    Feature record: CXX_FEATURE:0cxx_raw_string_literals
    Feature record: CXX_FEATURE:0cxx_reference_qualified_functions
    Feature record: CXX_FEATURE:0cxx_relaxed_constexpr
    Feature record: CXX_FEATURE:0cxx_return_type_deduction
    Feature record: CXX_FEATURE:0cxx_right_angle_brackets
    Feature record: CXX_FEATURE:0cxx_rvalue_references
    Feature record: CXX_FEATURE:0cxx_sizeof_member
    Feature record: CXX_FEATURE:0cxx_static_assert
    Feature record: CXX_FEATURE:0cxx_strong_enums
    Feature record: CXX_FEATURE:1cxx_template_template_parameters
    Feature record: CXX_FEATURE:0cxx_thread_local
    Feature record: CXX_FEATURE:0cxx_trailing_return_types
    Feature record: CXX_FEATURE:0cxx_unicode_literals
    Feature record: CXX_FEATURE:0cxx_uniform_initialization
    Feature record: CXX_FEATURE:0cxx_unrestricted_unions
    Feature record: CXX_FEATURE:0cxx_user_literals
    Feature record: CXX_FEATURE:0cxx_variable_templates
    Feature record: CXX_FEATURE:0cxx_variadic_macros
    Feature record: CXX_FEATURE:0cxx_variadic_templates
Determining if the include file pthread.h exists passed with the following output:
Change Dir: /home/torre/Desktop/monero-latest/monero/build/release/CMakeFiles/CMakeTmp

Run Build Command:"/usr/bin/make" "cmTC_c2db8/fast"
make[1]: Entering directory '/home/torre/Desktop/monero-latest/monero/build/release/CMakeFiles/CMakeTmp'
/usr/bin/make -f CMakeFiles/cmTC_c2db8.dir/build.make CMakeFiles/cmTC_c2db8.dir/build
make[2]: Entering directory '/home/torre/Desktop/monero-latest/monero/build/release/CMakeFiles/CMakeTmp'
Building C object CMakeFiles/cmTC_c2db8.dir/CheckIncludeFile.c.o
/usr/bin/cc     -o CMakeFiles/cmTC_c2db8.dir/CheckIncludeFile.c.o   -c /home/torre/Desktop/monero-latest/monero/build/release/CMakeFiles/CMakeTmp/CheckIncludeFile.c
Linking C executable cmTC_c2db8
/usr/bin/cmake -E cmake_link_script CMakeFiles/cmTC_c2db8.dir/link.txt --verbose=1
/usr/bin/cc       CMakeFiles/cmTC_c2db8.dir/CheckIncludeFile.c.o  -o cmTC_c2db8 -rdynamic 
make[2]: Leaving directory '/home/torre/Desktop/monero-latest/monero/build/release/CMakeFiles/CMakeTmp'
make[1]: Leaving directory '/home/torre/Desktop/monero-latest/monero/build/release/CMakeFiles/CMakeTmp'


Determining if the function strptime exists passed with the following output:
Change Dir: /home/torre/Desktop/monero-latest/monero/build/release/CMakeFiles/CMakeTmp

Run Build Command:"/usr/bin/make" "cmTC_daba6/fast"
make[1]: Entering directory '/home/torre/Desktop/monero-latest/monero/build/release/CMakeFiles/CMakeTmp'
/usr/bin/make -f CMakeFiles/cmTC_daba6.dir/build.make CMakeFiles/cmTC_daba6.dir/build
make[2]: Entering directory '/home/torre/Desktop/monero-latest/monero/build/release/CMakeFiles/CMakeTmp'
Building C object CMakeFiles/cmTC_daba6.dir/CheckFunctionExists.c.o
/usr/bin/cc    -DCHECK_FUNCTION_EXISTS=strptime   -o CMakeFiles/cmTC_daba6.dir/CheckFunctionExists.c.o   -c /usr/share/cmake-3.5/Modules/CheckFunctionExists.c
Linking C executable cmTC_daba6
/usr/bin/cmake -E cmake_link_script CMakeFiles/cmTC_daba6.dir/link.txt --verbose=1
/usr/bin/cc   -DCHECK_FUNCTION_EXISTS=strptime    CMakeFiles/cmTC_daba6.dir/CheckFunctionExists.c.o  -o cmTC_daba6 -rdynamic 
make[2]: Leaving directory '/home/torre/Desktop/monero-latest/monero/build/release/CMakeFiles/CMakeTmp'
make[1]: Leaving directory '/home/torre/Desktop/monero-latest/monero/build/release/CMakeFiles/CMakeTmp'


Performing C SOURCE FILE Test _Wformat_c succeeded with the following output:
Change Dir: /home/torre/Desktop/monero-latest/monero/build/release/CMakeFiles/CMakeTmp

Run Build Command:"/usr/bin/make" "cmTC_11bc0/fast"
make[1]: Entering directory '/home/torre/Desktop/monero-latest/monero/build/release/CMakeFiles/CMakeTmp'
/usr/bin/make -f CMakeFiles/cmTC_11bc0.dir/build.make CMakeFiles/cmTC_11bc0.dir/build
make[2]: Entering directory '/home/torre/Desktop/monero-latest/monero/build/release/CMakeFiles/CMakeTmp'
Building C object CMakeFiles/cmTC_11bc0.dir/src.c.o
/usr/bin/cc    -fno-strict-aliasing -D_Wformat_c   -Wformat -o CMakeFiles/cmTC_11bc0.dir/src.c.o   -c /home/torre/Desktop/monero-latest/monero/build/release/CMakeFiles/CMakeTmp/src.c
Linking C executable cmTC_11bc0
/usr/bin/cmake -E cmake_link_script CMakeFiles/cmTC_11bc0.dir/link.txt --verbose=1
/usr/bin/cc   -fno-strict-aliasing -D_Wformat_c    CMakeFiles/cmTC_11bc0.dir/src.c.o  -o cmTC_11bc0 -rdynamic 
make[2]: Leaving directory '/home/torre/Desktop/monero-latest/monero/build/release/CMakeFiles/CMakeTmp'
make[1]: Leaving directory '/home/torre/Desktop/monero-latest/monero/build/release/CMakeFiles/CMakeTmp'

Source file was:
int main(void) { return 0; }
Performing C++ SOURCE FILE Test _Wformat_cxx succeeded with the following output:
Change Dir: /home/torre/Desktop/monero-latest/monero/build/release/CMakeFiles/CMakeTmp

Run Build Command:"/usr/bin/make" "cmTC_811d0/fast"
make[1]: Entering directory '/home/torre/Desktop/monero-latest/monero/build/release/CMakeFiles/CMakeTmp'
/usr/bin/make -f CMakeFiles/cmTC_811d0.dir/build.make CMakeFiles/cmTC_811d0.dir/build
make[2]: Entering directory '/home/torre/Desktop/monero-latest/monero/build/release/CMakeFiles/CMakeTmp'
Building CXX object CMakeFiles/cmTC_811d0.dir/src.cxx.o
/usr/bin/c++     -fno-strict-aliasing -D_Wformat_cxx   -Wformat -o CMakeFiles/cmTC_811d0.dir/src.cxx.o -c /home/torre/Desktop/monero-latest/monero/build/release/CMakeFiles/CMakeTmp/src.cxx
Linking CXX executable cmTC_811d0
/usr/bin/cmake -E cmake_link_script CMakeFiles/cmTC_811d0.dir/link.txt --verbose=1
/usr/bin/c++    -fno-strict-aliasing -D_Wformat_cxx    CMakeFiles/cmTC_811d0.dir/src.cxx.o  -o cmTC_811d0 -rdynamic 
make[2]: Leaving directory '/home/torre/Desktop/monero-latest/monero/build/release/CMakeFiles/CMakeTmp'
make[1]: Leaving directory '/home/torre/Desktop/monero-latest/monero/build/release/CMakeFiles/CMakeTmp'

Source file was:
int main() { return 0; }
Performing C SOURCE FILE Test _Wformat_security_c succeeded with the following output:
Change Dir: /home/torre/Desktop/monero-latest/monero/build/release/CMakeFiles/CMakeTmp

Run Build Command:"/usr/bin/make" "cmTC_b6cb0/fast"
make[1]: Entering directory '/home/torre/Desktop/monero-latest/monero/build/release/CMakeFiles/CMakeTmp'
/usr/bin/make -f CMakeFiles/cmTC_b6cb0.dir/build.make CMakeFiles/cmTC_b6cb0.dir/build
make[2]: Entering directory '/home/torre/Desktop/monero-latest/monero/build/release/CMakeFiles/CMakeTmp'
Building C object CMakeFiles/cmTC_b6cb0.dir/src.c.o
/usr/bin/cc    -fno-strict-aliasing -D_Wformat_security_c   -Wformat-security -o CMakeFiles/cmTC_b6cb0.dir/src.c.o   -c /home/torre/Desktop/monero-latest/monero/build/release/CMakeFiles/CMakeTmp/src.c
Linking C executable cmTC_b6cb0
/usr/bin/cmake -E cmake_link_script CMakeFiles/cmTC_b6cb0.dir/link.txt --verbose=1
/usr/bin/cc   -fno-strict-aliasing -D_Wformat_security_c    CMakeFiles/cmTC_b6cb0.dir/src.c.o  -o cmTC_b6cb0 -rdynamic 
make[2]: Leaving directory '/home/torre/Desktop/monero-latest/monero/build/release/CMakeFiles/CMakeTmp'
make[1]: Leaving directory '/home/torre/Desktop/monero-latest/monero/build/release/CMakeFiles/CMakeTmp'

Source file was:
int main(void) { return 0; }
Performing C++ SOURCE FILE Test _Wformat_security_cxx succeeded with the following output:
Change Dir: /home/torre/Desktop/monero-latest/monero/build/release/CMakeFiles/CMakeTmp

Run Build Command:"/usr/bin/make" "cmTC_7f080/fast"
make[1]: Entering directory '/home/torre/Desktop/monero-latest/monero/build/release/CMakeFiles/CMakeTmp'
/usr/bin/make -f CMakeFiles/cmTC_7f080.dir/build.make CMakeFiles/cmTC_7f080.dir/build
make[2]: Entering directory '/home/torre/Desktop/monero-latest/monero/build/release/CMakeFiles/CMakeTmp'
Building CXX object CMakeFiles/cmTC_7f080.dir/src.cxx.o
/usr/bin/c++     -fno-strict-aliasing -D_Wformat_security_cxx   -Wformat-security -o CMakeFiles/cmTC_7f080.dir/src.cxx.o -c /home/torre/Desktop/monero-latest/monero/build/release/CMakeFiles/CMakeTmp/src.cxx
Linking CXX executable cmTC_7f080
/usr/bin/cmake -E cmake_link_script CMakeFiles/cmTC_7f080.dir/link.txt --verbose=1
/usr/bin/c++    -fno-strict-aliasing -D_Wformat_security_cxx    CMakeFiles/cmTC_7f080.dir/src.cxx.o  -o cmTC_7f080 -rdynamic 
make[2]: Leaving directory '/home/torre/Desktop/monero-latest/monero/build/release/CMakeFiles/CMakeTmp'
make[1]: Leaving directory '/home/torre/Desktop/monero-latest/monero/build/release/CMakeFiles/CMakeTmp'

Source file was:
int main() { return 0; }
Performing C SOURCE FILE Test _fstack_protector_c succeeded with the following output:
Change Dir: /home/torre/Desktop/monero-latest/monero/build/release/CMakeFiles/CMakeTmp

Run Build Command:"/usr/bin/make" "cmTC_1f781/fast"
make[1]: Entering directory '/home/torre/Desktop/monero-latest/monero/build/release/CMakeFiles/CMakeTmp'
/usr/bin/make -f CMakeFiles/cmTC_1f781.dir/build.make CMakeFiles/cmTC_1f781.dir/build
make[2]: Entering directory '/home/torre/Desktop/monero-latest/monero/build/release/CMakeFiles/CMakeTmp'
Building C object CMakeFiles/cmTC_1f781.dir/src.c.o
/usr/bin/cc    -fno-strict-aliasing -D_fstack_protector_c   -fstack-protector -o CMakeFiles/cmTC_1f781.dir/src.c.o   -c /home/torre/Desktop/monero-latest/monero/build/release/CMakeFiles/CMakeTmp/src.c
Linking C executable cmTC_1f781
/usr/bin/cmake -E cmake_link_script CMakeFiles/cmTC_1f781.dir/link.txt --verbose=1
/usr/bin/cc   -fno-strict-aliasing -D_fstack_protector_c    CMakeFiles/cmTC_1f781.dir/src.c.o  -o cmTC_1f781 -rdynamic 
make[2]: Leaving directory '/home/torre/Desktop/monero-latest/monero/build/release/CMakeFiles/CMakeTmp'
make[1]: Leaving directory '/home/torre/Desktop/monero-latest/monero/build/release/CMakeFiles/CMakeTmp'

Source file was:
int main(void) { return 0; }
Performing C++ SOURCE FILE Test _fstack_protector_cxx succeeded with the following output:
Change Dir: /home/torre/Desktop/monero-latest/monero/build/release/CMakeFiles/CMakeTmp

Run Build Command:"/usr/bin/make" "cmTC_30367/fast"
make[1]: Entering directory '/home/torre/Desktop/monero-latest/monero/build/release/CMakeFiles/CMakeTmp'
/usr/bin/make -f CMakeFiles/cmTC_30367.dir/build.make CMakeFiles/cmTC_30367.dir/build
make[2]: Entering directory '/home/torre/Desktop/monero-latest/monero/build/release/CMakeFiles/CMakeTmp'
Building CXX object CMakeFiles/cmTC_30367.dir/src.cxx.o
/usr/bin/c++     -fno-strict-aliasing -D_fstack_protector_cxx   -fstack-protector -o CMakeFiles/cmTC_30367.dir/src.cxx.o -c /home/torre/Desktop/monero-latest/monero/build/release/CMakeFiles/CMakeTmp/src.cxx
Linking CXX executable cmTC_30367
/usr/bin/cmake -E cmake_link_script CMakeFiles/cmTC_30367.dir/link.txt --verbose=1
/usr/bin/c++    -fno-strict-aliasing -D_fstack_protector_cxx    CMakeFiles/cmTC_30367.dir/src.cxx.o  -o cmTC_30367 -rdynamic 
make[2]: Leaving directory '/home/torre/Desktop/monero-latest/monero/build/release/CMakeFiles/CMakeTmp'
make[1]: Leaving directory '/home/torre/Desktop/monero-latest/monero/build/release/CMakeFiles/CMakeTmp'

Source file was:
int main() { return 0; }
Performing C SOURCE FILE Test _fstack_protector_strong_c succeeded with the following output:
Change Dir: /home/torre/Desktop/monero-latest/monero/build/release/CMakeFiles/CMakeTmp

Run Build Command:"/usr/bin/make" "cmTC_8927c/fast"
make[1]: Entering directory '/home/torre/Desktop/monero-latest/monero/build/release/CMakeFiles/CMakeTmp'
/usr/bin/make -f CMakeFiles/cmTC_8927c.dir/build.make CMakeFiles/cmTC_8927c.dir/build
make[2]: Entering directory '/home/torre/Desktop/monero-latest/monero/build/release/CMakeFiles/CMakeTmp'
Building C object CMakeFiles/cmTC_8927c.dir/src.c.o
/usr/bin/cc    -fno-strict-aliasing -D_fstack_protector_strong_c   -fstack-protector-strong -o CMakeFiles/cmTC_8927c.dir/src.c.o   -c /home/torre/Desktop/monero-latest/monero/build/release/CMakeFiles/CMakeTmp/src.c
Linking C executable cmTC_8927c
/usr/bin/cmake -E cmake_link_script CMakeFiles/cmTC_8927c.dir/link.txt --verbose=1
/usr/bin/cc   -fno-strict-aliasing -D_fstack_protector_strong_c    CMakeFiles/cmTC_8927c.dir/src.c.o  -o cmTC_8927c -rdynamic 
make[2]: Leaving directory '/home/torre/Desktop/monero-latest/monero/build/release/CMakeFiles/CMakeTmp'
make[1]: Leaving directory '/home/torre/Desktop/monero-latest/monero/build/release/CMakeFiles/CMakeTmp'

Source file was:
int main(void) { return 0; }
Performing C++ SOURCE FILE Test _fstack_protector_strong_cxx succeeded with the following output:
Change Dir: /home/torre/Desktop/monero-latest/monero/build/release/CMakeFiles/CMakeTmp

Run Build Command:"/usr/bin/make" "cmTC_db25e/fast"
make[1]: Entering directory '/home/torre/Desktop/monero-latest/monero/build/release/CMakeFiles/CMakeTmp'
/usr/bin/make -f CMakeFiles/cmTC_db25e.dir/build.make CMakeFiles/cmTC_db25e.dir/build
make[2]: Entering directory '/home/torre/Desktop/monero-latest/monero/build/release/CMakeFiles/CMakeTmp'
Building CXX object CMakeFiles/cmTC_db25e.dir/src.cxx.o
/usr/bin/c++     -fno-strict-aliasing -D_fstack_protector_strong_cxx   -fstack-protector-strong -o CMakeFiles/cmTC_db25e.dir/src.cxx.o -c /home/torre/Desktop/monero-latest/monero/build/release/CMakeFiles/CMakeTmp/src.cxx
Linking CXX executable cmTC_db25e
/usr/bin/cmake -E cmake_link_script CMakeFiles/cmTC_db25e.dir/link.txt --verbose=1
/usr/bin/c++    -fno-strict-aliasing -D_fstack_protector_strong_cxx    CMakeFiles/cmTC_db25e.dir/src.cxx.o  -o cmTC_db25e -rdynamic 
make[2]: Leaving directory '/home/torre/Desktop/monero-latest/monero/build/release/CMakeFiles/CMakeTmp'
make[1]: Leaving directory '/home/torre/Desktop/monero-latest/monero/build/release/CMakeFiles/CMakeTmp'

Source file was:
int main() { return 0; }
Determining if the -pie linker flag is supported passed with the following output:
Change Dir: /home/torre/Desktop/monero-latest/monero/build/release/CMakeFiles/CMakeTmp

Run Build Command:"/usr/bin/make" "cmTC_cfccc/fast"
make[1]: Entering directory '/home/torre/Desktop/monero-latest/monero/build/release/CMakeFiles/CMakeTmp'
/usr/bin/make -f CMakeFiles/cmTC_cfccc.dir/build.make CMakeFiles/cmTC_cfccc.dir/build
make[2]: Entering directory '/home/torre/Desktop/monero-latest/monero/build/release/CMakeFiles/CMakeTmp'
Building C object CMakeFiles/cmTC_cfccc.dir/CheckLinkerFlag.c.o
/usr/bin/cc    -pie    -pie -o CMakeFiles/cmTC_cfccc.dir/CheckLinkerFlag.c.o   -c /home/torre/Desktop/monero-latest/monero/cmake/CheckLinkerFlag.c
Linking C executable cmTC_cfccc
/usr/bin/cmake -E cmake_link_script CMakeFiles/cmTC_cfccc.dir/link.txt --verbose=1
/usr/bin/cc  -pie     CMakeFiles/cmTC_cfccc.dir/CheckLinkerFlag.c.o  -o cmTC_cfccc -rdynamic 
make[2]: Leaving directory '/home/torre/Desktop/monero-latest/monero/build/release/CMakeFiles/CMakeTmp'
make[1]: Leaving directory '/home/torre/Desktop/monero-latest/monero/build/release/CMakeFiles/CMakeTmp'


Determining if the -Wl,-z,relro linker flag is supported passed with the following output:
Change Dir: /home/torre/Desktop/monero-latest/monero/build/release/CMakeFiles/CMakeTmp

Run Build Command:"/usr/bin/make" "cmTC_cb83d/fast"
make[1]: Entering directory '/home/torre/Desktop/monero-latest/monero/build/release/CMakeFiles/CMakeTmp'
/usr/bin/make -f CMakeFiles/cmTC_cb83d.dir/build.make CMakeFiles/cmTC_cb83d.dir/build
make[2]: Entering directory '/home/torre/Desktop/monero-latest/monero/build/release/CMakeFiles/CMakeTmp'
Building C object CMakeFiles/cmTC_cb83d.dir/CheckLinkerFlag.c.o
/usr/bin/cc    -Wl,-z,relro    -Wl,-z,relro -o CMakeFiles/cmTC_cb83d.dir/CheckLinkerFlag.c.o   -c /home/torre/Desktop/monero-latest/monero/cmake/CheckLinkerFlag.c
Linking C executable cmTC_cb83d
/usr/bin/cmake -E cmake_link_script CMakeFiles/cmTC_cb83d.dir/link.txt --verbose=1
/usr/bin/cc  -Wl,-z,relro     CMakeFiles/cmTC_cb83d.dir/CheckLinkerFlag.c.o  -o cmTC_cb83d -rdynamic 
make[2]: Leaving directory '/home/torre/Desktop/monero-latest/monero/build/release/CMakeFiles/CMakeTmp'
make[1]: Leaving directory '/home/torre/Desktop/monero-latest/monero/build/release/CMakeFiles/CMakeTmp'


Determining if the -Wl,-z,now linker flag is supported passed with the following output:
Change Dir: /home/torre/Desktop/monero-latest/monero/build/release/CMakeFiles/CMakeTmp

Run Build Command:"/usr/bin/make" "cmTC_c72bc/fast"
make[1]: Entering directory '/home/torre/Desktop/monero-latest/monero/build/release/CMakeFiles/CMakeTmp'
/usr/bin/make -f CMakeFiles/cmTC_c72bc.dir/build.make CMakeFiles/cmTC_c72bc.dir/build
make[2]: Entering directory '/home/torre/Desktop/monero-latest/monero/build/release/CMakeFiles/CMakeTmp'
Building C object CMakeFiles/cmTC_c72bc.dir/CheckLinkerFlag.c.o
/usr/bin/cc    -Wl,-z,now    -Wl,-z,now -o CMakeFiles/cmTC_c72bc.dir/CheckLinkerFlag.c.o   -c /home/torre/Desktop/monero-latest/monero/cmake/CheckLinkerFlag.c
Linking C executable cmTC_c72bc
/usr/bin/cmake -E cmake_link_script CMakeFiles/cmTC_c72bc.dir/link.txt --verbose=1
/usr/bin/cc  -Wl,-z,now     CMakeFiles/cmTC_c72bc.dir/CheckLinkerFlag.c.o  -o cmTC_c72bc -rdynamic 
make[2]: Leaving directory '/home/torre/Desktop/monero-latest/monero/build/release/CMakeFiles/CMakeTmp'
make[1]: Leaving directory '/home/torre/Desktop/monero-latest/monero/build/release/CMakeFiles/CMakeTmp'


Determining if the -Wl,-z,noexecstack linker flag is supported passed with the following output:
Change Dir: /home/torre/Desktop/monero-latest/monero/build/release/CMakeFiles/CMakeTmp

Run Build Command:"/usr/bin/make" "cmTC_9ab3e/fast"
make[1]: Entering directory '/home/torre/Desktop/monero-latest/monero/build/release/CMakeFiles/CMakeTmp'
/usr/bin/make -f CMakeFiles/cmTC_9ab3e.dir/build.make CMakeFiles/cmTC_9ab3e.dir/build
make[2]: Entering directory '/home/torre/Desktop/monero-latest/monero/build/release/CMakeFiles/CMakeTmp'
Building C object CMakeFiles/cmTC_9ab3e.dir/CheckLinkerFlag.c.o
/usr/bin/cc    -Wl,-z,noexecstack    -Wl,-z,noexecstack -o CMakeFiles/cmTC_9ab3e.dir/CheckLinkerFlag.c.o   -c /home/torre/Desktop/monero-latest/monero/cmake/CheckLinkerFlag.c
Linking C executable cmTC_9ab3e
/usr/bin/cmake -E cmake_link_script CMakeFiles/cmTC_9ab3e.dir/link.txt --verbose=1
/usr/bin/cc  -Wl,-z,noexecstack     CMakeFiles/cmTC_9ab3e.dir/CheckLinkerFlag.c.o  -o cmTC_9ab3e -rdynamic 
make[2]: Leaving directory '/home/torre/Desktop/monero-latest/monero/build/release/CMakeFiles/CMakeTmp'
make[1]: Leaving directory '/home/torre/Desktop/monero-latest/monero/build/release/CMakeFiles/CMakeTmp'


Determining if the function rl_copy_text exists passed with the following output:
Change Dir: /home/torre/Desktop/monero-latest/monero/build/release/CMakeFiles/CMakeTmp

Run Build Command:"/usr/bin/make" "cmTC_8df49/fast"
make[1]: Entering directory '/home/torre/Desktop/monero-latest/monero/build/release/CMakeFiles/CMakeTmp'
/usr/bin/make -f CMakeFiles/cmTC_8df49.dir/build.make CMakeFiles/cmTC_8df49.dir/build
make[2]: Entering directory '/home/torre/Desktop/monero-latest/monero/build/release/CMakeFiles/CMakeTmp'
Building C object CMakeFiles/cmTC_8df49.dir/CheckFunctionExists.c.o
/usr/bin/cc    -fno-strict-aliasing -maes -std=c11 -D_GNU_SOURCE   -Wall -Wextra -Wpointer-arith -Wundef -Wvla -Wwrite-strings -Wno-error=extra -Wno-error=deprecated-declarations -Wno-unused-parameter -Wno-unused-variable -Wno-error=unused-variable -Wno-error=undef -Wno-error=uninitialized -Wlogical-op -Wno-error=maybe-uninitialized -Wno-error=cpp -Waggregate-return -Wnested-externs -Wold-style-definition -Wstrict-prototypes -march=native  -fPIC  -Wformat -Wformat-security -fstack-protector -fstack-protector-strong -fno-strict-aliasing -DCHECK_FUNCTION_EXISTS=rl_copy_text   -o CMakeFiles/cmTC_8df49.dir/CheckFunctionExists.c.o   -c /usr/share/cmake-3.5/Modules/CheckFunctionExists.c
/usr/share/cmake-3.5/Modules/CheckFunctionExists.c:6:1: warning: function declaration isnt a prototype [-Wstrict-prototypes]
 char CHECK_FUNCTION_EXISTS();
 ^
Linking C executable cmTC_8df49
/usr/bin/cmake -E cmake_link_script CMakeFiles/cmTC_8df49.dir/link.txt --verbose=1
/usr/bin/cc   -fno-strict-aliasing -maes -std=c11 -D_GNU_SOURCE   -Wall -Wextra -Wpointer-arith -Wundef -Wvla -Wwrite-strings -Wno-error=extra -Wno-error=deprecated-declarations -Wno-unused-parameter -Wno-unused-variable -Wno-error=unused-variable -Wno-error=undef -Wno-error=uninitialized -Wlogical-op -Wno-error=maybe-uninitialized -Wno-error=cpp -Waggregate-return -Wnested-externs -Wold-style-definition -Wstrict-prototypes -march=native  -fPIC  -Wformat -Wformat-security -fstack-protector -fstack-protector-strong -fno-strict-aliasing -DCHECK_FUNCTION_EXISTS=rl_copy_text    CMakeFiles/cmTC_8df49.dir/CheckFunctionExists.c.o  -o cmTC_8df49 -rdynamic /usr/lib/x86_64-linux-gnu/libreadline.so 
make[2]: Leaving directory '/home/torre/Desktop/monero-latest/monero/build/release/CMakeFiles/CMakeTmp'
make[1]: Leaving directory '/home/torre/Desktop/monero-latest/monero/build/release/CMakeFiles/CMakeTmp'


Determining if the function rl_filename_completion_function exists passed with the following output:
Change Dir: /home/torre/Desktop/monero-latest/monero/build/release/CMakeFiles/CMakeTmp

Run Build Command:"/usr/bin/make" "cmTC_3544c/fast"
make[1]: Entering directory '/home/torre/Desktop/monero-latest/monero/build/release/CMakeFiles/CMakeTmp'
/usr/bin/make -f CMakeFiles/cmTC_3544c.dir/build.make CMakeFiles/cmTC_3544c.dir/build
make[2]: Entering directory '/home/torre/Desktop/monero-latest/monero/build/release/CMakeFiles/CMakeTmp'
Building C object CMakeFiles/cmTC_3544c.dir/CheckFunctionExists.c.o
/usr/bin/cc    -fno-strict-aliasing -maes -std=c11 -D_GNU_SOURCE   -Wall -Wextra -Wpointer-arith -Wundef -Wvla -Wwrite-strings -Wno-error=extra -Wno-error=deprecated-declarations -Wno-unused-parameter -Wno-unused-variable -Wno-error=unused-variable -Wno-error=undef -Wno-error=uninitialized -Wlogical-op -Wno-error=maybe-uninitialized -Wno-error=cpp -Waggregate-return -Wnested-externs -Wold-style-definition -Wstrict-prototypes -march=native  -fPIC  -Wformat -Wformat-security -fstack-protector -fstack-protector-strong -fno-strict-aliasing -DCHECK_FUNCTION_EXISTS=rl_filename_completion_function   -o CMakeFiles/cmTC_3544c.dir/CheckFunctionExists.c.o   -c /usr/share/cmake-3.5/Modules/CheckFunctionExists.c
/usr/share/cmake-3.5/Modules/CheckFunctionExists.c:6:1: warning: function declaration isnt a prototype [-Wstrict-prototypes]
 char CHECK_FUNCTION_EXISTS();
 ^
Linking C executable cmTC_3544c
/usr/bin/cmake -E cmake_link_script CMakeFiles/cmTC_3544c.dir/link.txt --verbose=1
/usr/bin/cc   -fno-strict-aliasing -maes -std=c11 -D_GNU_SOURCE   -Wall -Wextra -Wpointer-arith -Wundef -Wvla -Wwrite-strings -Wno-error=extra -Wno-error=deprecated-declarations -Wno-unused-parameter -Wno-unused-variable -Wno-error=unused-variable -Wno-error=undef -Wno-error=uninitialized -Wlogical-op -Wno-error=maybe-uninitialized -Wno-error=cpp -Waggregate-return -Wnested-externs -Wold-style-definition -Wstrict-prototypes -march=native  -fPIC  -Wformat -Wformat-security -fstack-protector -fstack-protector-strong -fno-strict-aliasing -DCHECK_FUNCTION_EXISTS=rl_filename_completion_function    CMakeFiles/cmTC_3544c.dir/CheckFunctionExists.c.o  -o cmTC_3544c -rdynamic /usr/lib/x86_64-linux-gnu/libreadline.so 
make[2]: Leaving directory '/home/torre/Desktop/monero-latest/monero/build/release/CMakeFiles/CMakeTmp'
make[1]: Leaving directory '/home/torre/Desktop/monero-latest/monero/build/release/CMakeFiles/CMakeTmp'


Performing C SOURCE FILE Test HAVE_C11 succeeded with the following output:
Change Dir: /home/torre/Desktop/monero-latest/monero/build/release/CMakeFiles/CMakeTmp

Run Build Command:"/usr/bin/make" "cmTC_5cae8/fast"
make[1]: Entering directory '/home/torre/Desktop/monero-latest/monero/build/release/CMakeFiles/CMakeTmp'
/usr/bin/make -f CMakeFiles/cmTC_5cae8.dir/build.make CMakeFiles/cmTC_5cae8.dir/build
make[2]: Entering directory '/home/torre/Desktop/monero-latest/monero/build/release/CMakeFiles/CMakeTmp'
Building C object CMakeFiles/cmTC_5cae8.dir/src.c.o
/usr/bin/cc    -fno-strict-aliasing -maes -std=c11 -D_GNU_SOURCE   -Wall -Wextra -Wpointer-arith -Wundef -Wvla -Wwrite-strings -Wno-error=extra -Wno-error=deprecated-declarations -Wno-unused-parameter -Wno-unused-variable -Wno-error=unused-variable -Wno-error=undef -Wno-error=uninitialized -Wlogical-op -Wno-error=maybe-uninitialized -Wno-error=cpp -Waggregate-return -Wnested-externs -Wold-style-definition -Wstrict-prototypes -march=native  -fPIC  -Wformat -Wformat-security -fstack-protector -fstack-protector-strong -fno-strict-aliasing -DHAVE_C11   -std=c11 -o CMakeFiles/cmTC_5cae8.dir/src.c.o   -c /home/torre/Desktop/monero-latest/monero/build/release/CMakeFiles/CMakeTmp/src.c
Linking C executable cmTC_5cae8
/usr/bin/cmake -E cmake_link_script CMakeFiles/cmTC_5cae8.dir/link.txt --verbose=1
/usr/bin/cc   -fno-strict-aliasing -maes -std=c11 -D_GNU_SOURCE   -Wall -Wextra -Wpointer-arith -Wundef -Wvla -Wwrite-strings -Wno-error=extra -Wno-error=deprecated-declarations -Wno-unused-parameter -Wno-unused-variable -Wno-error=unused-variable -Wno-error=undef -Wno-error=uninitialized -Wlogical-op -Wno-error=maybe-uninitialized -Wno-error=cpp -Waggregate-return -Wnested-externs -Wold-style-definition -Wstrict-prototypes -march=native  -fPIC  -Wformat -Wformat-security -fstack-protector -fstack-protector-strong -fno-strict-aliasing -DHAVE_C11    CMakeFiles/cmTC_5cae8.dir/src.c.o  -o cmTC_5cae8 -rdynamic /usr/lib/x86_64-linux-gnu/libreadline.so 
make[2]: Leaving directory '/home/torre/Desktop/monero-latest/monero/build/release/CMakeFiles/CMakeTmp'
make[1]: Leaving directory '/home/torre/Desktop/monero-latest/monero/build/release/CMakeFiles/CMakeTmp'

Source file was:
int main(void) { return 0; }
